{"/media/jorge/Programación/Univalle/Actual/DSII/whatsapp-clone/packages/server/db-connection.js": {"path":"/media/jorge/Programación/Univalle/Actual/DSII/whatsapp-clone/packages/server/db-connection.js","statementMap":{"0":{"start":{"line":1,"column":17},"end":{"line":1,"column":30}},"1":{"start":{"line":2,"column":0},"end":{"line":2,"column":27}},"2":{"start":{"line":4,"column":13},"end":{"line":15,"column":5}},"3":{"start":{"line":17,"column":0},"end":{"line":17,"column":22}}},"fnMap":{},"branchMap":{"0":{"loc":{"start":{"line":4,"column":13},"end":{"line":15,"column":5}},"type":"cond-expr","locations":[{"start":{"line":5,"column":3},"end":{"line":8,"column":5}},{"start":{"line":9,"column":3},"end":{"line":15,"column":5}}],"line":4}},"s":{"0":3,"1":3,"2":3,"3":3},"f":{},"b":{"0":[0,3]},"_coverageSchema":"1a1c01bbd47fc00a2c39e90264f33305004495a9","hash":"129d3b34cc181f4f09221aa1ddf3e4537e24b7f9"}
,"/media/jorge/Programación/Univalle/Actual/DSII/whatsapp-clone/packages/server/controllers/express/attemptLogin.js": {"path":"/media/jorge/Programación/Univalle/Actual/DSII/whatsapp-clone/packages/server/controllers/express/attemptLogin.js","statementMap":{"0":{"start":{"line":1,"column":13},"end":{"line":1,"column":43}},"1":{"start":{"line":2,"column":12},"end":{"line":2,"column":35}},"2":{"start":{"line":3,"column":15},"end":{"line":3,"column":32}},"3":{"start":{"line":4,"column":20},"end":{"line":4,"column":45}},"4":{"start":{"line":5,"column":0},"end":{"line":5,"column":27}},"5":{"start":{"line":7,"column":21},"end":{"line":41,"column":1}},"6":{"start":{"line":8,"column":25},"end":{"line":11,"column":3}},"7":{"start":{"line":13,"column":2},"end":{"line":40,"column":3}},"8":{"start":{"line":14,"column":23},"end":{"line":17,"column":5}},"9":{"start":{"line":18,"column":4},"end":{"line":37,"column":5}},"10":{"start":{"line":19,"column":6},"end":{"line":34,"column":11}},"11":{"start":{"line":29,"column":10},"end":{"line":29,"column":46}},"12":{"start":{"line":32,"column":10},"end":{"line":32,"column":27}},"13":{"start":{"line":33,"column":10},"end":{"line":33,"column":67}},"14":{"start":{"line":36,"column":6},"end":{"line":36,"column":75}},"15":{"start":{"line":39,"column":4},"end":{"line":39,"column":73}},"16":{"start":{"line":43,"column":0},"end":{"line":43,"column":30}}},"fnMap":{"0":{"name":"(anonymous_0)","decl":{"start":{"line":7,"column":21},"end":{"line":7,"column":22}},"loc":{"start":{"line":7,"column":41},"end":{"line":41,"column":1}},"line":7},"1":{"name":"(anonymous_1)","decl":{"start":{"line":28,"column":14},"end":{"line":28,"column":15}},"loc":{"start":{"line":28,"column":23},"end":{"line":30,"column":9}},"line":28},"2":{"name":"(anonymous_2)","decl":{"start":{"line":31,"column":15},"end":{"line":31,"column":16}},"loc":{"start":{"line":31,"column":22},"end":{"line":34,"column":9}},"line":31}},"branchMap":{"0":{"loc":{"start":{"line":13,"column":2},"end":{"line":40,"column":3}},"type":"if","locations":[{"start":{"line":13,"column":2},"end":{"line":40,"column":3}},{"start":{"line":38,"column":9},"end":{"line":40,"column":3}}],"line":13},"1":{"loc":{"start":{"line":18,"column":4},"end":{"line":37,"column":5}},"type":"if","locations":[{"start":{"line":18,"column":4},"end":{"line":37,"column":5}},{"start":{"line":35,"column":11},"end":{"line":37,"column":5}}],"line":18}},"s":{"0":1,"1":1,"2":1,"3":1,"4":1,"5":1,"6":3,"7":3,"8":2,"9":2,"10":1,"11":1,"12":0,"13":0,"14":1,"15":1,"16":1},"f":{"0":3,"1":1,"2":0},"b":{"0":[2,1],"1":[1,1]},"_coverageSchema":"1a1c01bbd47fc00a2c39e90264f33305004495a9","hash":"9b553f8a41d5ac7ec5f4144c3519de454800057f"}
,"/media/jorge/Programación/Univalle/Actual/DSII/whatsapp-clone/packages/server/controllers/express/attemptRegister.js": {"path":"/media/jorge/Programación/Univalle/Actual/DSII/whatsapp-clone/packages/server/controllers/express/attemptRegister.js","statementMap":{"0":{"start":{"line":1,"column":13},"end":{"line":1,"column":43}},"1":{"start":{"line":2,"column":15},"end":{"line":2,"column":32}},"2":{"start":{"line":3,"column":23},"end":{"line":3,"column":38}},"3":{"start":{"line":4,"column":20},"end":{"line":4,"column":45}},"4":{"start":{"line":6,"column":24},"end":{"line":38,"column":1}},"5":{"start":{"line":7,"column":23},"end":{"line":10,"column":3}},"6":{"start":{"line":12,"column":2},"end":{"line":37,"column":3}},"7":{"start":{"line":14,"column":23},"end":{"line":14,"column":63}},"8":{"start":{"line":15,"column":25},"end":{"line":18,"column":5}},"9":{"start":{"line":20,"column":4},"end":{"line":34,"column":9}},"10":{"start":{"line":30,"column":8},"end":{"line":30,"column":44}},"11":{"start":{"line":33,"column":8},"end":{"line":33,"column":65}},"12":{"start":{"line":36,"column":4},"end":{"line":36,"column":60}},"13":{"start":{"line":40,"column":0},"end":{"line":40,"column":33}}},"fnMap":{"0":{"name":"(anonymous_0)","decl":{"start":{"line":6,"column":24},"end":{"line":6,"column":25}},"loc":{"start":{"line":6,"column":44},"end":{"line":38,"column":1}},"line":6},"1":{"name":"(anonymous_1)","decl":{"start":{"line":29,"column":12},"end":{"line":29,"column":13}},"loc":{"start":{"line":29,"column":21},"end":{"line":31,"column":7}},"line":29},"2":{"name":"(anonymous_2)","decl":{"start":{"line":32,"column":13},"end":{"line":32,"column":14}},"loc":{"start":{"line":32,"column":20},"end":{"line":34,"column":7}},"line":32}},"branchMap":{"0":{"loc":{"start":{"line":12,"column":2},"end":{"line":37,"column":3}},"type":"if","locations":[{"start":{"line":12,"column":2},"end":{"line":37,"column":3}},{"start":{"line":35,"column":9},"end":{"line":37,"column":3}}],"line":12}},"s":{"0":1,"1":1,"2":1,"3":1,"4":1,"5":2,"6":2,"7":1,"8":1,"9":1,"10":1,"11":0,"12":1,"13":1},"f":{"0":2,"1":1,"2":0},"b":{"0":[1,1]},"_coverageSchema":"1a1c01bbd47fc00a2c39e90264f33305004495a9","hash":"b579e5f26aa21f0d091262cfbb0eba84f059c124"}
,"/media/jorge/Programación/Univalle/Actual/DSII/whatsapp-clone/packages/server/controllers/express/handleLogin.js": {"path":"/media/jorge/Programación/Univalle/Actual/DSII/whatsapp-clone/packages/server/controllers/express/handleLogin.js","statementMap":{"0":{"start":{"line":1,"column":30},"end":{"line":1,"column":55}},"1":{"start":{"line":2,"column":13},"end":{"line":2,"column":43}},"2":{"start":{"line":3,"column":0},"end":{"line":3,"column":27}},"3":{"start":{"line":5,"column":20},"end":{"line":30,"column":1}},"4":{"start":{"line":6,"column":16},"end":{"line":6,"column":27}},"5":{"start":{"line":8,"column":2},"end":{"line":11,"column":3}},"6":{"start":{"line":9,"column":4},"end":{"line":9,"column":34}},"7":{"start":{"line":10,"column":4},"end":{"line":10,"column":11}},"8":{"start":{"line":13,"column":2},"end":{"line":29,"column":7}},"9":{"start":{"line":15,"column":28},"end":{"line":18,"column":7}},"10":{"start":{"line":20,"column":6},"end":{"line":23,"column":7}},"11":{"start":{"line":21,"column":8},"end":{"line":21,"column":51}},"12":{"start":{"line":22,"column":8},"end":{"line":22,"column":15}},"13":{"start":{"line":25,"column":6},"end":{"line":25,"column":42}},"14":{"start":{"line":28,"column":6},"end":{"line":28,"column":36}},"15":{"start":{"line":32,"column":0},"end":{"line":32,"column":29}}},"fnMap":{"0":{"name":"(anonymous_0)","decl":{"start":{"line":5,"column":20},"end":{"line":5,"column":21}},"loc":{"start":{"line":5,"column":40},"end":{"line":30,"column":1}},"line":5},"1":{"name":"(anonymous_1)","decl":{"start":{"line":14,"column":10},"end":{"line":14,"column":11}},"loc":{"start":{"line":14,"column":27},"end":{"line":26,"column":5}},"line":14},"2":{"name":"(anonymous_2)","decl":{"start":{"line":27,"column":11},"end":{"line":27,"column":12}},"loc":{"start":{"line":27,"column":17},"end":{"line":29,"column":5}},"line":27}},"branchMap":{"0":{"loc":{"start":{"line":8,"column":2},"end":{"line":11,"column":3}},"type":"if","locations":[{"start":{"line":8,"column":2},"end":{"line":11,"column":3}},{"start":{},"end":{}}],"line":8},"1":{"loc":{"start":{"line":20,"column":6},"end":{"line":23,"column":7}},"type":"if","locations":[{"start":{"line":20,"column":6},"end":{"line":23,"column":7}},{"start":{},"end":{}}],"line":20}},"s":{"0":1,"1":1,"2":1,"3":1,"4":3,"5":3,"6":1,"7":1,"8":2,"9":2,"10":2,"11":1,"12":1,"13":1,"14":0,"15":1},"f":{"0":3,"1":2,"2":0},"b":{"0":[1,2],"1":[1,1]},"_coverageSchema":"1a1c01bbd47fc00a2c39e90264f33305004495a9","hash":"4aed4102c0a8e76336416ad87537ed4477e3f04f"}
,"/media/jorge/Programación/Univalle/Actual/DSII/whatsapp-clone/packages/server/controllers/express/rateLimiter.js": {"path":"/media/jorge/Programación/Univalle/Actual/DSII/whatsapp-clone/packages/server/controllers/express/rateLimiter.js","statementMap":{"0":{"start":{"line":1,"column":20},"end":{"line":1,"column":42}},"1":{"start":{"line":3,"column":20},"end":{"line":17,"column":1}},"2":{"start":{"line":3,"column":51},"end":{"line":17,"column":1}},"3":{"start":{"line":4,"column":12},"end":{"line":4,"column":74}},"4":{"start":{"line":5,"column":1},"end":{"line":9,"column":10}},"5":{"start":{"line":11,"column":1},"end":{"line":16,"column":13}},"6":{"start":{"line":12,"column":2},"end":{"line":15,"column":5}},"7":{"start":{"line":16,"column":6},"end":{"line":16,"column":13}},"8":{"start":{"line":19,"column":0},"end":{"line":19,"column":29}}},"fnMap":{"0":{"name":"(anonymous_0)","decl":{"start":{"line":3,"column":20},"end":{"line":3,"column":21}},"loc":{"start":{"line":3,"column":51},"end":{"line":17,"column":1}},"line":3},"1":{"name":"(anonymous_1)","decl":{"start":{"line":3,"column":51},"end":{"line":3,"column":52}},"loc":{"start":{"line":3,"column":77},"end":{"line":17,"column":1}},"line":3}},"branchMap":{"0":{"loc":{"start":{"line":4,"column":12},"end":{"line":4,"column":74}},"type":"binary-expr","locations":[{"start":{"line":4,"column":12},"end":{"line":4,"column":42}},{"start":{"line":4,"column":46},"end":{"line":4,"column":74}}],"line":4},"1":{"loc":{"start":{"line":11,"column":1},"end":{"line":16,"column":13}},"type":"if","locations":[{"start":{"line":11,"column":1},"end":{"line":16,"column":13}},{"start":{"line":16,"column":6},"end":{"line":16,"column":13}}],"line":11}},"s":{"0":1,"1":1,"2":2,"3":2,"4":2,"5":2,"6":1,"7":1,"8":1},"f":{"0":2,"1":2},"b":{"0":[2,2],"1":[1,1]},"_coverageSchema":"1a1c01bbd47fc00a2c39e90264f33305004495a9","hash":"39afebb600a4230bf606ee51a6fe2c6538c85faf"}
,"/media/jorge/Programación/Univalle/Actual/DSII/whatsapp-clone/packages/server/controllers/express/validateForm.js": {"path":"/media/jorge/Programación/Univalle/Actual/DSII/whatsapp-clone/packages/server/controllers/express/validateForm.js","statementMap":{"0":{"start":{"line":1,"column":12},"end":{"line":1,"column":26}},"1":{"start":{"line":3,"column":19},"end":{"line":12,"column":2}},"2":{"start":{"line":14,"column":21},"end":{"line":28,"column":1}},"3":{"start":{"line":15,"column":19},"end":{"line":15,"column":27}},"4":{"start":{"line":16,"column":2},"end":{"line":27,"column":7}},"5":{"start":{"line":19,"column":6},"end":{"line":19,"column":29}},"6":{"start":{"line":22,"column":6},"end":{"line":26,"column":7}},"7":{"start":{"line":23,"column":8},"end":{"line":23,"column":15}},"8":{"start":{"line":25,"column":8},"end":{"line":25,"column":31}},"9":{"start":{"line":30,"column":0},"end":{"line":30,"column":30}}},"fnMap":{"0":{"name":"(anonymous_0)","decl":{"start":{"line":14,"column":21},"end":{"line":14,"column":22}},"loc":{"start":{"line":14,"column":41},"end":{"line":28,"column":1}},"line":14},"1":{"name":"(anonymous_1)","decl":{"start":{"line":18,"column":11},"end":{"line":18,"column":12}},"loc":{"start":{"line":18,"column":17},"end":{"line":20,"column":5}},"line":18},"2":{"name":"(anonymous_2)","decl":{"start":{"line":21,"column":10},"end":{"line":21,"column":11}},"loc":{"start":{"line":21,"column":19},"end":{"line":27,"column":5}},"line":21}},"branchMap":{"0":{"loc":{"start":{"line":22,"column":6},"end":{"line":26,"column":7}},"type":"if","locations":[{"start":{"line":22,"column":6},"end":{"line":26,"column":7}},{"start":{"line":24,"column":13},"end":{"line":26,"column":7}}],"line":22}},"s":{"0":1,"1":1,"2":1,"3":2,"4":2,"5":1,"6":2,"7":1,"8":1,"9":1},"f":{"0":2,"1":1,"2":2},"b":{"0":[1,1]},"_coverageSchema":"1a1c01bbd47fc00a2c39e90264f33305004495a9","hash":"8380074ba3d3da0059c744bbefdcd00a6f492c5d"}
,"/media/jorge/Programación/Univalle/Actual/DSII/whatsapp-clone/packages/server/controllers/jwt/jwtAuth.js": {"path":"/media/jorge/Programación/Univalle/Actual/DSII/whatsapp-clone/packages/server/controllers/jwt/jwtAuth.js","statementMap":{"0":{"start":{"line":1,"column":0},"end":{"line":1,"column":27}},"1":{"start":{"line":2,"column":12},"end":{"line":2,"column":35}},"2":{"start":{"line":4,"column":16},"end":{"line":10,"column":4}},"3":{"start":{"line":5,"column":2},"end":{"line":10,"column":4}},"4":{"start":{"line":6,"column":4},"end":{"line":9,"column":7}},"5":{"start":{"line":7,"column":6},"end":{"line":7,"column":27}},"6":{"start":{"line":7,"column":15},"end":{"line":7,"column":27}},"7":{"start":{"line":8,"column":6},"end":{"line":8,"column":21}},"8":{"start":{"line":12,"column":18},"end":{"line":18,"column":4}},"9":{"start":{"line":13,"column":2},"end":{"line":18,"column":4}},"10":{"start":{"line":14,"column":4},"end":{"line":17,"column":7}},"11":{"start":{"line":15,"column":6},"end":{"line":15,"column":27}},"12":{"start":{"line":15,"column":15},"end":{"line":15,"column":27}},"13":{"start":{"line":16,"column":6},"end":{"line":16,"column":23}},"14":{"start":{"line":20,"column":15},"end":{"line":20,"column":64}},"15":{"start":{"line":20,"column":22},"end":{"line":20,"column":64}},"16":{"start":{"line":22,"column":0},"end":{"line":22,"column":48}}},"fnMap":{"0":{"name":"(anonymous_0)","decl":{"start":{"line":4,"column":16},"end":{"line":4,"column":17}},"loc":{"start":{"line":5,"column":2},"end":{"line":10,"column":4}},"line":5},"1":{"name":"(anonymous_1)","decl":{"start":{"line":5,"column":14},"end":{"line":5,"column":15}},"loc":{"start":{"line":5,"column":35},"end":{"line":10,"column":3}},"line":5},"2":{"name":"(anonymous_2)","decl":{"start":{"line":6,"column":39},"end":{"line":6,"column":40}},"loc":{"start":{"line":6,"column":55},"end":{"line":9,"column":5}},"line":6},"3":{"name":"(anonymous_3)","decl":{"start":{"line":12,"column":18},"end":{"line":12,"column":19}},"loc":{"start":{"line":13,"column":2},"end":{"line":18,"column":4}},"line":13},"4":{"name":"(anonymous_4)","decl":{"start":{"line":13,"column":14},"end":{"line":13,"column":15}},"loc":{"start":{"line":13,"column":35},"end":{"line":18,"column":3}},"line":13},"5":{"name":"(anonymous_5)","decl":{"start":{"line":14,"column":30},"end":{"line":14,"column":31}},"loc":{"start":{"line":14,"column":48},"end":{"line":17,"column":5}},"line":14},"6":{"name":"(anonymous_6)","decl":{"start":{"line":20,"column":15},"end":{"line":20,"column":16}},"loc":{"start":{"line":20,"column":22},"end":{"line":20,"column":64}},"line":20}},"branchMap":{"0":{"loc":{"start":{"line":7,"column":6},"end":{"line":7,"column":27}},"type":"if","locations":[{"start":{"line":7,"column":6},"end":{"line":7,"column":27}},{"start":{},"end":{}}],"line":7},"1":{"loc":{"start":{"line":15,"column":6},"end":{"line":15,"column":27}},"type":"if","locations":[{"start":{"line":15,"column":6},"end":{"line":15,"column":27}},{"start":{},"end":{}}],"line":15}},"s":{"0":5,"1":5,"2":5,"3":4,"4":4,"5":3,"6":1,"7":3,"8":5,"9":2,"10":2,"11":2,"12":1,"13":2,"14":5,"15":0,"16":5},"f":{"0":4,"1":4,"2":3,"3":2,"4":2,"5":2,"6":0},"b":{"0":[1,2],"1":[1,1]},"_coverageSchema":"1a1c01bbd47fc00a2c39e90264f33305004495a9","hash":"19d87611640bd4bfd7dcab9f2e0c5fa1060c5261"}
,"/media/jorge/Programación/Univalle/Actual/DSII/whatsapp-clone/packages/server/controllers/socketio/addFriend.js": {"path":"/media/jorge/Programación/Univalle/Actual/DSII/whatsapp-clone/packages/server/controllers/socketio/addFriend.js","statementMap":{"0":{"start":{"line":1,"column":20},"end":{"line":1,"column":42}},"1":{"start":{"line":3,"column":18},"end":{"line":37,"column":1}},"2":{"start":{"line":4,"column":2},"end":{"line":7,"column":3}},"3":{"start":{"line":5,"column":4},"end":{"line":5,"column":54}},"4":{"start":{"line":6,"column":4},"end":{"line":6,"column":11}},"5":{"start":{"line":8,"column":17},"end":{"line":8,"column":66}},"6":{"start":{"line":9,"column":28},"end":{"line":13,"column":3}},"7":{"start":{"line":14,"column":2},"end":{"line":17,"column":3}},"8":{"start":{"line":15,"column":4},"end":{"line":15,"column":57}},"9":{"start":{"line":16,"column":4},"end":{"line":16,"column":11}},"10":{"start":{"line":18,"column":2},"end":{"line":24,"column":3}},"11":{"start":{"line":22,"column":4},"end":{"line":22,"column":59}},"12":{"start":{"line":23,"column":4},"end":{"line":23,"column":11}},"13":{"start":{"line":26,"column":2},"end":{"line":29,"column":4}},"14":{"start":{"line":31,"column":20},"end":{"line":35,"column":3}},"15":{"start":{"line":36,"column":2},"end":{"line":36,"column":32}},"16":{"start":{"line":39,"column":0},"end":{"line":39,"column":27}}},"fnMap":{"0":{"name":"(anonymous_0)","decl":{"start":{"line":3,"column":18},"end":{"line":3,"column":19}},"loc":{"start":{"line":3,"column":52},"end":{"line":37,"column":1}},"line":3}},"branchMap":{"0":{"loc":{"start":{"line":4,"column":2},"end":{"line":7,"column":3}},"type":"if","locations":[{"start":{"line":4,"column":2},"end":{"line":7,"column":3}},{"start":{},"end":{}}],"line":4},"1":{"loc":{"start":{"line":14,"column":2},"end":{"line":17,"column":3}},"type":"if","locations":[{"start":{"line":14,"column":2},"end":{"line":17,"column":3}},{"start":{},"end":{}}],"line":14},"2":{"loc":{"start":{"line":18,"column":2},"end":{"line":24,"column":3}},"type":"if","locations":[{"start":{"line":18,"column":2},"end":{"line":24,"column":3}},{"start":{},"end":{}}],"line":18},"3":{"loc":{"start":{"line":19,"column":4},"end":{"line":20,"column":70}},"type":"binary-expr","locations":[{"start":{"line":19,"column":4},"end":{"line":19,"column":21}},{"start":{"line":20,"column":4},"end":{"line":20,"column":70}}],"line":19}},"s":{"0":1,"1":1,"2":4,"3":1,"4":1,"5":3,"6":3,"7":3,"8":1,"9":1,"10":2,"11":1,"12":1,"13":1,"14":1,"15":1,"16":1},"f":{"0":4},"b":{"0":[1,3],"1":[1,2],"2":[1,1],"3":[2,2]},"_coverageSchema":"1a1c01bbd47fc00a2c39e90264f33305004495a9","hash":"63cd38f627c71962a0b5d9eec643820faac03527"}
,"/media/jorge/Programación/Univalle/Actual/DSII/whatsapp-clone/packages/server/controllers/socketio/authorizeUser.js": {"path":"/media/jorge/Programación/Univalle/Actual/DSII/whatsapp-clone/packages/server/controllers/socketio/authorizeUser.js","statementMap":{"0":{"start":{"line":1,"column":22},"end":{"line":1,"column":47}},"1":{"start":{"line":2,"column":0},"end":{"line":2,"column":27}},"2":{"start":{"line":4,"column":22},"end":{"line":16,"column":1}},"3":{"start":{"line":5,"column":16},"end":{"line":5,"column":43}},"4":{"start":{"line":7,"column":2},"end":{"line":15,"column":7}},"5":{"start":{"line":9,"column":6},"end":{"line":9,"column":35}},"6":{"start":{"line":10,"column":6},"end":{"line":10,"column":13}},"7":{"start":{"line":13,"column":6},"end":{"line":13,"column":39}},"8":{"start":{"line":14,"column":6},"end":{"line":14,"column":40}},"9":{"start":{"line":18,"column":0},"end":{"line":18,"column":31}}},"fnMap":{"0":{"name":"(anonymous_0)","decl":{"start":{"line":4,"column":22},"end":{"line":4,"column":23}},"loc":{"start":{"line":4,"column":40},"end":{"line":16,"column":1}},"line":4},"1":{"name":"(anonymous_1)","decl":{"start":{"line":8,"column":10},"end":{"line":8,"column":11}},"loc":{"start":{"line":8,"column":21},"end":{"line":11,"column":5}},"line":8},"2":{"name":"(anonymous_2)","decl":{"start":{"line":12,"column":11},"end":{"line":12,"column":12}},"loc":{"start":{"line":12,"column":18},"end":{"line":15,"column":5}},"line":12}},"branchMap":{},"s":{"0":1,"1":1,"2":1,"3":2,"4":2,"5":1,"6":1,"7":1,"8":1,"9":1},"f":{"0":2,"1":1,"2":1},"b":{},"_coverageSchema":"1a1c01bbd47fc00a2c39e90264f33305004495a9","hash":"9a3c06fd56fd55c81235861181593c4adbeaa861"}
,"/media/jorge/Programación/Univalle/Actual/DSII/whatsapp-clone/packages/server/controllers/socketio/dm.js": {"path":"/media/jorge/Programación/Univalle/Actual/DSII/whatsapp-clone/packages/server/controllers/socketio/dm.js","statementMap":{"0":{"start":{"line":1,"column":20},"end":{"line":1,"column":42}},"1":{"start":{"line":3,"column":11},"end":{"line":14,"column":1}},"2":{"start":{"line":4,"column":2},"end":{"line":4,"column":36}},"3":{"start":{"line":6,"column":24},"end":{"line":8,"column":3}},"4":{"start":{"line":10,"column":2},"end":{"line":10,"column":63}},"5":{"start":{"line":11,"column":2},"end":{"line":11,"column":65}},"6":{"start":{"line":13,"column":2},"end":{"line":13,"column":44}},"7":{"start":{"line":16,"column":0},"end":{"line":16,"column":20}}},"fnMap":{"0":{"name":"(anonymous_0)","decl":{"start":{"line":3,"column":11},"end":{"line":3,"column":12}},"loc":{"start":{"line":3,"column":38},"end":{"line":14,"column":1}},"line":3}},"branchMap":{},"s":{"0":1,"1":1,"2":1,"3":1,"4":1,"5":1,"6":1,"7":1},"f":{"0":1},"b":{},"_coverageSchema":"1a1c01bbd47fc00a2c39e90264f33305004495a9","hash":"e9482b4f318aafc373561b64bd85e2ea6211edf7"}
,"/media/jorge/Programación/Univalle/Actual/DSII/whatsapp-clone/packages/server/controllers/socketio/initializeUser.js": {"path":"/media/jorge/Programación/Univalle/Actual/DSII/whatsapp-clone/packages/server/controllers/socketio/initializeUser.js","statementMap":{"0":{"start":{"line":1,"column":20},"end":{"line":1,"column":42}},"1":{"start":{"line":2,"column":24},"end":{"line":2,"column":52}},"2":{"start":{"line":4,"column":23},"end":{"line":42,"column":1}},"3":{"start":{"line":5,"column":1},"end":{"line":5,"column":33}},"4":{"start":{"line":6,"column":1},"end":{"line":12,"column":3}},"5":{"start":{"line":14,"column":20},"end":{"line":18,"column":2}},"6":{"start":{"line":19,"column":26},"end":{"line":19,"column":59}},"7":{"start":{"line":20,"column":21},"end":{"line":20,"column":68}},"8":{"start":{"line":20,"column":54},"end":{"line":20,"column":67}},"9":{"start":{"line":22,"column":1},"end":{"line":23,"column":71}},"10":{"start":{"line":23,"column":2},"end":{"line":23,"column":71}},"11":{"start":{"line":25,"column":1},"end":{"line":25,"column":42}},"12":{"start":{"line":27,"column":18},"end":{"line":31,"column":2}},"13":{"start":{"line":34,"column":18},"end":{"line":37,"column":3}},"14":{"start":{"line":35,"column":20},"end":{"line":35,"column":37}},"15":{"start":{"line":36,"column":2},"end":{"line":36,"column":73}},"16":{"start":{"line":39,"column":1},"end":{"line":41,"column":2}},"17":{"start":{"line":40,"column":2},"end":{"line":40,"column":36}},"18":{"start":{"line":44,"column":0},"end":{"line":44,"column":32}}},"fnMap":{"0":{"name":"(anonymous_0)","decl":{"start":{"line":4,"column":23},"end":{"line":4,"column":24}},"loc":{"start":{"line":4,"column":41},"end":{"line":42,"column":1}},"line":4},"1":{"name":"(anonymous_1)","decl":{"start":{"line":20,"column":42},"end":{"line":20,"column":43}},"loc":{"start":{"line":20,"column":54},"end":{"line":20,"column":67}},"line":20},"2":{"name":"(anonymous_2)","decl":{"start":{"line":34,"column":31},"end":{"line":34,"column":32}},"loc":{"start":{"line":34,"column":43},"end":{"line":37,"column":2}},"line":34}},"branchMap":{"0":{"loc":{"start":{"line":22,"column":1},"end":{"line":23,"column":71}},"type":"if","locations":[{"start":{"line":22,"column":1},"end":{"line":23,"column":71}},{"start":{},"end":{}}],"line":22},"1":{"loc":{"start":{"line":39,"column":1},"end":{"line":41,"column":2}},"type":"if","locations":[{"start":{"line":39,"column":1},"end":{"line":41,"column":2}},{"start":{},"end":{}}],"line":39},"2":{"loc":{"start":{"line":39,"column":5},"end":{"line":39,"column":36}},"type":"binary-expr","locations":[{"start":{"line":39,"column":5},"end":{"line":39,"column":13}},{"start":{"line":39,"column":17},"end":{"line":39,"column":36}}],"line":39}},"s":{"0":1,"1":1,"2":1,"3":1,"4":1,"5":1,"6":1,"7":1,"8":0,"9":1,"10":0,"11":1,"12":1,"13":1,"14":1,"15":1,"16":1,"17":1,"18":1},"f":{"0":1,"1":0,"2":1},"b":{"0":[0,1],"1":[1,0],"2":[1,1]},"_coverageSchema":"1a1c01bbd47fc00a2c39e90264f33305004495a9","hash":"7cc7e10ba66d21155653b619f5654d5be43b00f0"}
,"/media/jorge/Programación/Univalle/Actual/DSII/whatsapp-clone/packages/server/controllers/socketio/onDisconnect.js": {"path":"/media/jorge/Programación/Univalle/Actual/DSII/whatsapp-clone/packages/server/controllers/socketio/onDisconnect.js","statementMap":{"0":{"start":{"line":1,"column":20},"end":{"line":1,"column":42}},"1":{"start":{"line":2,"column":24},"end":{"line":2,"column":52}},"2":{"start":{"line":4,"column":21},"end":{"line":19,"column":1}},"3":{"start":{"line":5,"column":2},"end":{"line":9,"column":4}},"4":{"start":{"line":10,"column":21},"end":{"line":14,"column":3}},"5":{"start":{"line":15,"column":22},"end":{"line":17,"column":3}},"6":{"start":{"line":16,"column":4},"end":{"line":16,"column":40}},"7":{"start":{"line":16,"column":26},"end":{"line":16,"column":39}},"8":{"start":{"line":18,"column":2},"end":{"line":18,"column":72}},"9":{"start":{"line":21,"column":0},"end":{"line":21,"column":30}}},"fnMap":{"0":{"name":"(anonymous_0)","decl":{"start":{"line":4,"column":21},"end":{"line":4,"column":22}},"loc":{"start":{"line":4,"column":37},"end":{"line":19,"column":1}},"line":4},"1":{"name":"(anonymous_1)","decl":{"start":{"line":15,"column":61},"end":{"line":15,"column":62}},"loc":{"start":{"line":16,"column":4},"end":{"line":16,"column":40}},"line":16},"2":{"name":"(anonymous_2)","decl":{"start":{"line":16,"column":16},"end":{"line":16,"column":17}},"loc":{"start":{"line":16,"column":26},"end":{"line":16,"column":39}},"line":16}},"branchMap":{},"s":{"0":1,"1":1,"2":1,"3":1,"4":1,"5":1,"6":1,"7":1,"8":1,"9":1},"f":{"0":1,"1":1,"2":1},"b":{},"_coverageSchema":"1a1c01bbd47fc00a2c39e90264f33305004495a9","hash":"340f42f1cec1db00fb67cc368e68d11279e4f5c0"}
,"/media/jorge/Programación/Univalle/Actual/DSII/whatsapp-clone/packages/server/controllers/socketio/parseFriendList.js": {"path":"/media/jorge/Programación/Univalle/Actual/DSII/whatsapp-clone/packages/server/controllers/socketio/parseFriendList.js","statementMap":{"0":{"start":{"line":1,"column":20},"end":{"line":1,"column":42}},"1":{"start":{"line":3,"column":24},"end":{"line":18,"column":1}},"2":{"start":{"line":4,"column":24},"end":{"line":4,"column":26}},"3":{"start":{"line":5,"column":2},"end":{"line":16,"column":3}},"4":{"start":{"line":6,"column":25},"end":{"line":6,"column":42}},"5":{"start":{"line":7,"column":28},"end":{"line":10,"column":5}},"6":{"start":{"line":11,"column":4},"end":{"line":15,"column":7}},"7":{"start":{"line":17,"column":2},"end":{"line":17,"column":23}},"8":{"start":{"line":20,"column":0},"end":{"line":20,"column":33}}},"fnMap":{"0":{"name":"(anonymous_0)","decl":{"start":{"line":3,"column":24},"end":{"line":3,"column":25}},"loc":{"start":{"line":3,"column":44},"end":{"line":18,"column":1}},"line":3}},"branchMap":{},"s":{"0":3,"1":3,"2":1,"3":1,"4":1,"5":1,"6":1,"7":1,"8":3},"f":{"0":1},"b":{},"_coverageSchema":"1a1c01bbd47fc00a2c39e90264f33305004495a9","hash":"ebec2ed9dbb1e77d572b56c1f3750dae745aa9c5"}
}
