{"C:\\Users\\ACER\\Desktop\\U7mo\\AaAaAa\\whatsapp-clone\\packages\\server\\db-connection.js": {"path":"C:\\Users\\ACER\\Desktop\\U7mo\\AaAaAa\\whatsapp-clone\\packages\\server\\db-connection.js","statementMap":{"0":{"start":{"line":1,"column":17},"end":{"line":1,"column":30}},"1":{"start":{"line":2,"column":0},"end":{"line":2,"column":27}},"2":{"start":{"line":4,"column":13},"end":{"line":10,"column":2}},"3":{"start":{"line":12,"column":0},"end":{"line":12,"column":22}}},"fnMap":{},"branchMap":{},"s":{"0":2,"1":2,"2":2,"3":2},"f":{},"b":{},"_coverageSchema":"1a1c01bbd47fc00a2c39e90264f33305004495a9","hash":"0960a33a22fc1c2f7ca34e573f933d257a634358"}
,"C:\\Users\\ACER\\Desktop\\U7mo\\AaAaAa\\whatsapp-clone\\packages\\server\\index.js": {"path":"C:\\Users\\ACER\\Desktop\\U7mo\\AaAaAa\\whatsapp-clone\\packages\\server\\index.js","statementMap":{"0":{"start":{"line":1,"column":15},"end":{"line":1,"column":32}},"1":{"start":{"line":2,"column":13},"end":{"line":2,"column":28}},"2":{"start":{"line":4,"column":19},"end":{"line":4,"column":39}},"3":{"start":{"line":5,"column":16},"end":{"line":5,"column":34}},"4":{"start":{"line":6,"column":0},"end":{"line":6,"column":27}},"5":{"start":{"line":7,"column":19},"end":{"line":7,"column":50}},"6":{"start":{"line":12,"column":4},"end":{"line":12,"column":45}},"7":{"start":{"line":13,"column":26},"end":{"line":13,"column":67}},"8":{"start":{"line":15,"column":12},"end":{"line":15,"column":21}},"9":{"start":{"line":16,"column":15},"end":{"line":16,"column":48}},"10":{"start":{"line":18,"column":11},"end":{"line":20,"column":2}},"11":{"start":{"line":22,"column":0},"end":{"line":22,"column":18}},"12":{"start":{"line":23,"column":0},"end":{"line":23,"column":26}},"13":{"start":{"line":25,"column":0},"end":{"line":25,"column":24}},"14":{"start":{"line":26,"column":0},"end":{"line":26,"column":27}},"15":{"start":{"line":28,"column":0},"end":{"line":28,"column":29}},"16":{"start":{"line":30,"column":0},"end":{"line":32,"column":3}},"17":{"start":{"line":31,"column":1},"end":{"line":31,"column":38}},"18":{"start":{"line":34,"column":0},"end":{"line":34,"column":32}},"19":{"start":{"line":35,"column":0},"end":{"line":35,"column":22}},"20":{"start":{"line":37,"column":0},"end":{"line":41,"column":3}},"21":{"start":{"line":39,"column":1},"end":{"line":39,"column":44}},"22":{"start":{"line":40,"column":1},"end":{"line":40,"column":51}},"23":{"start":{"line":50,"column":23},"end":{"line":52,"column":2}},"24":{"start":{"line":51,"column":1},"end":{"line":51,"column":74}},"25":{"start":{"line":54,"column":0},"end":{"line":54,"column":41}}},"fnMap":{"0":{"name":"(anonymous_0)","decl":{"start":{"line":30,"column":13},"end":{"line":30,"column":14}},"loc":{"start":{"line":30,"column":27},"end":{"line":32,"column":1}},"line":30},"1":{"name":"(anonymous_1)","decl":{"start":{"line":37,"column":17},"end":{"line":37,"column":18}},"loc":{"start":{"line":37,"column":29},"end":{"line":41,"column":1}},"line":37},"2":{"name":"(anonymous_2)","decl":{"start":{"line":50,"column":63},"end":{"line":50,"column":64}},"loc":{"start":{"line":50,"column":69},"end":{"line":52,"column":1}},"line":50}},"branchMap":{"0":{"loc":{"start":{"line":50,"column":37},"end":{"line":50,"column":61}},"type":"binary-expr","locations":[{"start":{"line":50,"column":37},"end":{"line":50,"column":53}},{"start":{"line":50,"column":57},"end":{"line":50,"column":61}}],"line":50}},"s":{"0":1,"1":1,"2":1,"3":1,"4":1,"5":1,"6":1,"7":1,"8":1,"9":1,"10":1,"11":1,"12":1,"13":1,"14":1,"15":1,"16":1,"17":1,"18":1,"19":1,"20":1,"21":0,"22":0,"23":1,"24":1,"25":1},"f":{"0":1,"1":0,"2":1},"b":{"0":[1,1]},"_coverageSchema":"1a1c01bbd47fc00a2c39e90264f33305004495a9","hash":"c97e6a5e7efad763320a98a20c0e4764518f8926"}
,"C:\\Users\\ACER\\Desktop\\U7mo\\AaAaAa\\whatsapp-clone\\packages\\server\\redis.js": {"path":"C:\\Users\\ACER\\Desktop\\U7mo\\AaAaAa\\whatsapp-clone\\packages\\server\\redis.js","statementMap":{"0":{"start":{"line":1,"column":14},"end":{"line":1,"column":32}},"1":{"start":{"line":3,"column":20},"end":{"line":3,"column":31}},"2":{"start":{"line":5,"column":0},"end":{"line":5,"column":29}}},"fnMap":{},"branchMap":{},"s":{"0":2,"1":2,"2":2},"f":{},"b":{},"_coverageSchema":"1a1c01bbd47fc00a2c39e90264f33305004495a9","hash":"0199bcef9df54af326caea2e35c15266e71eadbb"}
,"C:\\Users\\ACER\\Desktop\\U7mo\\AaAaAa\\whatsapp-clone\\packages\\server\\controllers\\authController.js": {"path":"C:\\Users\\ACER\\Desktop\\U7mo\\AaAaAa\\whatsapp-clone\\packages\\server\\controllers\\authController.js","statementMap":{"0":{"start":{"line":1,"column":13},"end":{"line":1,"column":40}},"1":{"start":{"line":2,"column":15},"end":{"line":2,"column":32}},"2":{"start":{"line":3,"column":21},"end":{"line":3,"column":36}},"3":{"start":{"line":5,"column":0},"end":{"line":11,"column":2}},"4":{"start":{"line":6,"column":1},"end":{"line":10,"column":2}},"5":{"start":{"line":7,"column":2},"end":{"line":7,"column":68}},"6":{"start":{"line":9,"column":2},"end":{"line":9,"column":32}},"7":{"start":{"line":13,"column":0},"end":{"line":38,"column":2}},"8":{"start":{"line":14,"column":24},"end":{"line":17,"column":2}},"9":{"start":{"line":19,"column":1},"end":{"line":37,"column":2}},"10":{"start":{"line":20,"column":21},"end":{"line":23,"column":3}},"11":{"start":{"line":25,"column":2},"end":{"line":34,"column":3}},"12":{"start":{"line":26,"column":3},"end":{"line":30,"column":5}},"13":{"start":{"line":31,"column":3},"end":{"line":31,"column":61}},"14":{"start":{"line":33,"column":3},"end":{"line":33,"column":71}},"15":{"start":{"line":36,"column":2},"end":{"line":36,"column":70}},"16":{"start":{"line":40,"column":0},"end":{"line":61,"column":2}},"17":{"start":{"line":41,"column":22},"end":{"line":44,"column":2}},"18":{"start":{"line":45,"column":1},"end":{"line":60,"column":2}},"19":{"start":{"line":47,"column":21},"end":{"line":47,"column":61}},"20":{"start":{"line":48,"column":23},"end":{"line":51,"column":3}},"21":{"start":{"line":52,"column":2},"end":{"line":56,"column":4}},"22":{"start":{"line":57,"column":2},"end":{"line":57,"column":60}},"23":{"start":{"line":59,"column":2},"end":{"line":59,"column":58}}},"fnMap":{"0":{"name":"(anonymous_0)","decl":{"start":{"line":5,"column":29},"end":{"line":5,"column":30}},"loc":{"start":{"line":5,"column":43},"end":{"line":11,"column":1}},"line":5},"1":{"name":"(anonymous_1)","decl":{"start":{"line":13,"column":29},"end":{"line":13,"column":30}},"loc":{"start":{"line":13,"column":49},"end":{"line":38,"column":1}},"line":13},"2":{"name":"(anonymous_2)","decl":{"start":{"line":40,"column":32},"end":{"line":40,"column":33}},"loc":{"start":{"line":40,"column":52},"end":{"line":61,"column":1}},"line":40}},"branchMap":{"0":{"loc":{"start":{"line":6,"column":1},"end":{"line":10,"column":2}},"type":"if","locations":[{"start":{"line":6,"column":1},"end":{"line":10,"column":2}},{"start":{"line":8,"column":8},"end":{"line":10,"column":2}}],"line":6},"1":{"loc":{"start":{"line":6,"column":5},"end":{"line":6,"column":50}},"type":"binary-expr","locations":[{"start":{"line":6,"column":5},"end":{"line":6,"column":21}},{"start":{"line":6,"column":25},"end":{"line":6,"column":50}}],"line":6},"2":{"loc":{"start":{"line":19,"column":1},"end":{"line":37,"column":2}},"type":"if","locations":[{"start":{"line":19,"column":1},"end":{"line":37,"column":2}},{"start":{"line":35,"column":8},"end":{"line":37,"column":2}}],"line":19},"3":{"loc":{"start":{"line":25,"column":2},"end":{"line":34,"column":3}},"type":"if","locations":[{"start":{"line":25,"column":2},"end":{"line":34,"column":3}},{"start":{"line":32,"column":9},"end":{"line":34,"column":3}}],"line":25},"4":{"loc":{"start":{"line":45,"column":1},"end":{"line":60,"column":2}},"type":"if","locations":[{"start":{"line":45,"column":1},"end":{"line":60,"column":2}},{"start":{"line":58,"column":8},"end":{"line":60,"column":2}}],"line":45}},"s":{"0":2,"1":2,"2":2,"3":2,"4":2,"5":1,"6":1,"7":2,"8":3,"9":3,"10":2,"11":2,"12":1,"13":1,"14":1,"15":1,"16":2,"17":2,"18":2,"19":1,"20":1,"21":1,"22":0,"23":1},"f":{"0":2,"1":3,"2":2},"b":{"0":[1,1],"1":[2,1],"2":[2,1],"3":[1,1],"4":[1,1]},"_coverageSchema":"1a1c01bbd47fc00a2c39e90264f33305004495a9","hash":"4ffc2b403e8b401402e4a09b1620f8a6c95ed9b0"}
,"C:\\Users\\ACER\\Desktop\\U7mo\\AaAaAa\\whatsapp-clone\\packages\\server\\controllers\\rateLimiter.js": {"path":"C:\\Users\\ACER\\Desktop\\U7mo\\AaAaAa\\whatsapp-clone\\packages\\server\\controllers\\rateLimiter.js","statementMap":{"0":{"start":{"line":1,"column":20},"end":{"line":1,"column":39}},"1":{"start":{"line":3,"column":0},"end":{"line":14,"column":3}},"2":{"start":{"line":4,"column":32},"end":{"line":14,"column":2}},"3":{"start":{"line":5,"column":13},"end":{"line":5,"column":41}},"4":{"start":{"line":6,"column":21},"end":{"line":10,"column":10}},"5":{"start":{"line":11,"column":2},"end":{"line":13,"column":14}},"6":{"start":{"line":12,"column":3},"end":{"line":12,"column":62}},"7":{"start":{"line":13,"column":7},"end":{"line":13,"column":14}}},"fnMap":{"0":{"name":"(anonymous_0)","decl":{"start":{"line":4,"column":1},"end":{"line":4,"column":2}},"loc":{"start":{"line":4,"column":32},"end":{"line":14,"column":2}},"line":4},"1":{"name":"(anonymous_1)","decl":{"start":{"line":4,"column":32},"end":{"line":4,"column":33}},"loc":{"start":{"line":4,"column":58},"end":{"line":14,"column":2}},"line":4}},"branchMap":{"0":{"loc":{"start":{"line":11,"column":2},"end":{"line":13,"column":14}},"type":"if","locations":[{"start":{"line":11,"column":2},"end":{"line":13,"column":14}},{"start":{"line":13,"column":7},"end":{"line":13,"column":14}}],"line":11}},"s":{"0":2,"1":2,"2":3,"3":2,"4":2,"5":2,"6":1,"7":1},"f":{"0":3,"1":2},"b":{"0":[1,1]},"_coverageSchema":"1a1c01bbd47fc00a2c39e90264f33305004495a9","hash":"8f7383a355c7bc26de4aef322bacc31b89b90975"}
,"C:\\Users\\ACER\\Desktop\\U7mo\\AaAaAa\\whatsapp-clone\\packages\\server\\controllers\\serverController.js": {"path":"C:\\Users\\ACER\\Desktop\\U7mo\\AaAaAa\\whatsapp-clone\\packages\\server\\controllers\\serverController.js","statementMap":{"0":{"start":{"line":1,"column":16},"end":{"line":1,"column":42}},"1":{"start":{"line":2,"column":19},"end":{"line":2,"column":51}},"2":{"start":{"line":3,"column":20},"end":{"line":3,"column":39}},"3":{"start":{"line":4,"column":0},"end":{"line":4,"column":27}},"4":{"start":{"line":6,"column":26},"end":{"line":19,"column":2}},"5":{"start":{"line":21,"column":13},"end":{"line":22,"column":44}},"6":{"start":{"line":21,"column":36},"end":{"line":22,"column":44}},"7":{"start":{"line":22,"column":1},"end":{"line":22,"column":44}},"8":{"start":{"line":24,"column":19},"end":{"line":27,"column":1}},"9":{"start":{"line":29,"column":0},"end":{"line":29,"column":70}}},"fnMap":{"0":{"name":"(anonymous_0)","decl":{"start":{"line":21,"column":13},"end":{"line":21,"column":14}},"loc":{"start":{"line":21,"column":36},"end":{"line":22,"column":44}},"line":21},"1":{"name":"(anonymous_1)","decl":{"start":{"line":21,"column":36},"end":{"line":21,"column":37}},"loc":{"start":{"line":22,"column":1},"end":{"line":22,"column":44}},"line":22}},"branchMap":{"0":{"loc":{"start":{"line":14,"column":10},"end":{"line":14,"column":65}},"type":"cond-expr","locations":[{"start":{"line":14,"column":50},"end":{"line":14,"column":56}},{"start":{"line":14,"column":59},"end":{"line":14,"column":65}}],"line":14},"1":{"loc":{"start":{"line":17,"column":12},"end":{"line":17,"column":66}},"type":"cond-expr","locations":[{"start":{"line":17,"column":52},"end":{"line":17,"column":58}},{"start":{"line":17,"column":61},"end":{"line":17,"column":66}}],"line":17}},"s":{"0":2,"1":2,"2":2,"3":2,"4":2,"5":2,"6":2,"7":1,"8":2,"9":2},"f":{"0":2,"1":1},"b":{"0":[0,2],"1":[0,2]},"_coverageSchema":"1a1c01bbd47fc00a2c39e90264f33305004495a9","hash":"11e8e5d40fcb2252f3b32ac6fd38640abb50c98c"}
,"C:\\Users\\ACER\\Desktop\\U7mo\\AaAaAa\\whatsapp-clone\\packages\\server\\controllers\\socketController.js": {"path":"C:\\Users\\ACER\\Desktop\\U7mo\\AaAaAa\\whatsapp-clone\\packages\\server\\controllers\\socketController.js","statementMap":{"0":{"start":{"line":1,"column":20},"end":{"line":1,"column":39}},"1":{"start":{"line":3,"column":0},"end":{"line":16,"column":2}},"2":{"start":{"line":4,"column":2},"end":{"line":15,"column":3}},"3":{"start":{"line":5,"column":4},"end":{"line":5,"column":32}},"4":{"start":{"line":6,"column":4},"end":{"line":6,"column":38}},"5":{"start":{"line":8,"column":4},"end":{"line":8,"column":53}},"6":{"start":{"line":9,"column":4},"end":{"line":13,"column":6}},"7":{"start":{"line":14,"column":4},"end":{"line":14,"column":11}}},"fnMap":{"0":{"name":"(anonymous_0)","decl":{"start":{"line":3,"column":31},"end":{"line":3,"column":32}},"loc":{"start":{"line":3,"column":49},"end":{"line":16,"column":1}},"line":3}},"branchMap":{"0":{"loc":{"start":{"line":4,"column":2},"end":{"line":15,"column":3}},"type":"if","locations":[{"start":{"line":4,"column":2},"end":{"line":15,"column":3}},{"start":{"line":7,"column":9},"end":{"line":15,"column":3}}],"line":4},"1":{"loc":{"start":{"line":4,"column":6},"end":{"line":4,"column":61}},"type":"binary-expr","locations":[{"start":{"line":4,"column":6},"end":{"line":4,"column":29}},{"start":{"line":4,"column":33},"end":{"line":4,"column":61}}],"line":4}},"s":{"0":2,"1":2,"2":3,"3":2,"4":2,"5":1,"6":1,"7":1},"f":{"0":3},"b":{"0":[2,1],"1":[3,2]},"_coverageSchema":"1a1c01bbd47fc00a2c39e90264f33305004495a9","hash":"56f07248e195df6c78f0eacb99c7411c95daad32"}
,"C:\\Users\\ACER\\Desktop\\U7mo\\AaAaAa\\whatsapp-clone\\packages\\server\\controllers\\validateForm.js": {"path":"C:\\Users\\ACER\\Desktop\\U7mo\\AaAaAa\\whatsapp-clone\\packages\\server\\controllers\\validateForm.js","statementMap":{"0":{"start":{"line":1,"column":23},"end":{"line":1,"column":56}},"1":{"start":{"line":3,"column":21},"end":{"line":18,"column":1}},"2":{"start":{"line":4,"column":18},"end":{"line":4,"column":26}},"3":{"start":{"line":5,"column":1},"end":{"line":17,"column":5}},"4":{"start":{"line":8,"column":3},"end":{"line":8,"column":26}},"5":{"start":{"line":11,"column":3},"end":{"line":16,"column":4}},"6":{"start":{"line":12,"column":4},"end":{"line":12,"column":32}},"7":{"start":{"line":13,"column":4},"end":{"line":13,"column":11}},"8":{"start":{"line":15,"column":4},"end":{"line":15,"column":27}},"9":{"start":{"line":20,"column":0},"end":{"line":20,"column":30}}},"fnMap":{"0":{"name":"(anonymous_0)","decl":{"start":{"line":3,"column":21},"end":{"line":3,"column":22}},"loc":{"start":{"line":3,"column":41},"end":{"line":18,"column":1}},"line":3},"1":{"name":"(anonymous_1)","decl":{"start":{"line":7,"column":9},"end":{"line":7,"column":10}},"loc":{"start":{"line":7,"column":15},"end":{"line":9,"column":3}},"line":7},"2":{"name":"(anonymous_2)","decl":{"start":{"line":10,"column":8},"end":{"line":10,"column":9}},"loc":{"start":{"line":10,"column":19},"end":{"line":17,"column":3}},"line":10}},"branchMap":{"0":{"loc":{"start":{"line":11,"column":3},"end":{"line":16,"column":4}},"type":"if","locations":[{"start":{"line":11,"column":3},"end":{"line":16,"column":4}},{"start":{"line":14,"column":10},"end":{"line":16,"column":4}}],"line":11}},"s":{"0":2,"1":2,"2":1,"3":1,"4":1,"5":1,"6":0,"7":0,"8":1,"9":2},"f":{"0":1,"1":1,"2":1},"b":{"0":[0,1]},"_coverageSchema":"1a1c01bbd47fc00a2c39e90264f33305004495a9","hash":"aab576e1e78fc0ba21563d53d819da318601574c"}
,"C:\\Users\\ACER\\Desktop\\U7mo\\AaAaAa\\whatsapp-clone\\packages\\server\\routers\\authRouter.js": {"path":"C:\\Users\\ACER\\Desktop\\U7mo\\AaAaAa\\whatsapp-clone\\packages\\server\\routers\\authRouter.js","statementMap":{"0":{"start":{"line":1,"column":16},"end":{"line":1,"column":34}},"1":{"start":{"line":2,"column":15},"end":{"line":2,"column":31}},"2":{"start":{"line":3,"column":21},"end":{"line":3,"column":59}},"3":{"start":{"line":8,"column":4},"end":{"line":8,"column":44}},"4":{"start":{"line":9,"column":24},"end":{"line":9,"column":61}},"5":{"start":{"line":11,"column":0},"end":{"line":14,"column":55}},"6":{"start":{"line":16,"column":0},"end":{"line":16,"column":74}},"7":{"start":{"line":18,"column":0},"end":{"line":18,"column":24}}},"fnMap":{},"branchMap":{},"s":{"0":1,"1":1,"2":1,"3":1,"4":1,"5":1,"6":1,"7":1},"f":{},"b":{},"_coverageSchema":"1a1c01bbd47fc00a2c39e90264f33305004495a9","hash":"322b61c4e3016c31e693fd29edaf0ef78f9911b3"}
}
