TN:
SF:db-connection.js
FNF:0
FNH:0
DA:1,2
DA:2,2
DA:4,2
DA:12,2
LF:4
LH:4
BRF:0
BRH:0
end_of_record
TN:
SF:index.js
FN:30,(anonymous_0)
FN:37,(anonymous_1)
FN:50,(anonymous_2)
FNF:3
FNH:2
FNDA:1,(anonymous_0)
FNDA:0,(anonymous_1)
FNDA:1,(anonymous_2)
DA:1,1
DA:2,1
DA:4,1
DA:5,1
DA:6,1
DA:7,1
DA:12,1
DA:13,1
DA:15,1
DA:16,1
DA:18,1
DA:22,1
DA:23,1
DA:25,1
DA:26,1
DA:28,1
DA:30,1
DA:31,1
DA:34,1
DA:35,1
DA:37,1
DA:39,0
DA:40,0
DA:50,1
DA:51,1
DA:54,1
LF:26
LH:24
BRDA:50,0,0,1
BRDA:50,0,1,1
BRF:2
BRH:2
end_of_record
TN:
SF:redis.js
FNF:0
FNH:0
DA:1,1
DA:3,1
DA:5,1
LF:3
LH:3
BRF:0
BRH:0
end_of_record
TN:
SF:controllers/authController.js
FN:4,(anonymous_0)
FN:12,(anonymous_1)
FN:38,(anonymous_2)
FNF:3
FNH:3
FNDA:2,(anonymous_0)
FNDA:3,(anonymous_1)
FNDA:2,(anonymous_2)
DA:1,2
DA:2,2
DA:4,2
DA:5,2
DA:6,1
DA:8,1
DA:12,2
DA:13,3
DA:18,3
DA:19,2
DA:24,2
DA:25,1
DA:29,1
DA:31,1
DA:34,1
DA:38,2
DA:39,2
DA:43,2
DA:45,1
DA:46,1
DA:50,1
DA:54,1
DA:56,1
LF:23
LH:23
BRDA:5,0,0,1
BRDA:5,0,1,1
BRDA:5,1,0,2
BRDA:5,1,1,1
BRDA:18,2,0,2
BRDA:18,2,1,1
BRDA:24,3,0,1
BRDA:24,3,1,1
BRDA:43,4,0,1
BRDA:43,4,1,1
BRF:10
BRH:10
end_of_record
TN:
SF:controllers/rateLimiter.js
FN:4,(anonymous_0)
FN:4,(anonymous_1)
FNF:2
FNH:2
FNDA:3,(anonymous_0)
FNDA:2,(anonymous_1)
DA:1,2
DA:3,2
DA:4,3
DA:5,2
DA:6,2
DA:11,2
DA:12,1
DA:13,1
LF:8
LH:8
BRDA:11,0,0,1
BRDA:11,0,1,1
BRF:2
BRH:2
end_of_record
TN:
SF:controllers/serverController.js
FN:21,(anonymous_0)
FN:21,(anonymous_1)
FNF:2
FNH:2
FNDA:2,(anonymous_0)
FNDA:1,(anonymous_1)
DA:1,2
DA:2,2
DA:3,2
DA:4,2
DA:6,2
DA:21,2
DA:22,1
DA:24,2
DA:29,2
LF:9
LH:9
BRDA:14,0,0,0
BRDA:14,0,1,2
BRDA:17,1,0,0
BRDA:17,1,1,2
BRF:4
BRH:2
end_of_record
TN:
SF:controllers/socketController.js
FN:1,(anonymous_0)
FNF:1
FNH:1
FNDA:3,(anonymous_0)
DA:1,2
DA:2,3
DA:3,2
DA:4,2
DA:6,1
LF:5
LH:5
BRDA:2,0,0,2
BRDA:2,0,1,1
BRDA:2,1,0,3
BRDA:2,1,1,2
BRF:4
BRH:4
end_of_record
TN:
SF:controllers/validateForm.js
FN:3,(anonymous_0)
FN:7,(anonymous_1)
FN:10,(anonymous_2)
FNF:3
FNH:3
FNDA:1,(anonymous_0)
FNDA:1,(anonymous_1)
FNDA:1,(anonymous_2)
DA:1,2
DA:3,2
DA:4,1
DA:5,1
DA:8,1
DA:11,1
DA:12,0
DA:13,0
DA:15,1
DA:20,2
LF:10
LH:8
BRDA:11,0,0,0
BRDA:11,0,1,1
BRF:2
BRH:1
end_of_record
TN:
SF:routers/authRouter.js
FNF:0
FNH:0
DA:1,1
DA:2,1
DA:3,1
DA:8,1
DA:9,1
DA:11,1
DA:16,1
DA:18,1
LF:8
LH:8
BRF:0
BRH:0
end_of_record
