{"C:\\Users\\nelso\\OneDrive\\Escritorio\\Univalle\\8 Semestre\\DS2\\Proyecto\\whatsapp-clone\\packages\\client\\src\\App.jsx": {"path":"C:\\Users\\nelso\\OneDrive\\Escritorio\\Univalle\\8 Semestre\\DS2\\Proyecto\\whatsapp-clone\\packages\\client\\src\\App.jsx","statementMap":{"0":{"start":{"line":6,"column":2},"end":{"line":11,"column":4}}},"fnMap":{"0":{"name":"App","decl":{"start":{"line":5,"column":9},"end":{"line":5,"column":12}},"loc":{"start":{"line":5,"column":15},"end":{"line":12,"column":1}},"line":5}},"branchMap":{},"s":{"0":0},"f":{"0":0},"b":{}}
,"C:\\Users\\nelso\\OneDrive\\Escritorio\\Univalle\\8 Semestre\\DS2\\Proyecto\\whatsapp-clone\\packages\\client\\src\\Theme.js": {"path":"C:\\Users\\nelso\\OneDrive\\Escritorio\\Univalle\\8 Semestre\\DS2\\Proyecto\\whatsapp-clone\\packages\\client\\src\\Theme.js","statementMap":{"0":{"start":{"line":3,"column":14},"end":{"line":24,"column":1}}},"fnMap":{},"branchMap":{},"s":{"0":0},"f":{},"b":{}}
,"C:\\Users\\nelso\\OneDrive\\Escritorio\\Univalle\\8 Semestre\\DS2\\Proyecto\\whatsapp-clone\\packages\\client\\src\\main.jsx": {"path":"C:\\Users\\nelso\\OneDrive\\Escritorio\\Univalle\\8 Semestre\\DS2\\Proyecto\\whatsapp-clone\\packages\\client\\src\\main.jsx","statementMap":{"0":{"start":{"line":9,"column":0},"end":{"line":18,"column":2}}},"fnMap":{},"branchMap":{},"s":{"0":0},"f":{},"b":{}}
,"C:\\Users\\nelso\\OneDrive\\Escritorio\\Univalle\\8 Semestre\\DS2\\Proyecto\\whatsapp-clone\\packages\\client\\src\\socket.js": {"path":"C:\\Users\\nelso\\OneDrive\\Escritorio\\Univalle\\8 Semestre\\DS2\\Proyecto\\whatsapp-clone\\packages\\client\\src\\socket.js","statementMap":{"0":{"start":{"line":3,"column":15},"end":{"line":10,"column":3}},"1":{"start":{"line":4,"column":1},"end":{"line":10,"column":3}}},"fnMap":{"0":{"name":"(anonymous_0)","decl":{"start":{"line":3,"column":15},"end":{"line":3,"column":16}},"loc":{"start":{"line":4,"column":1},"end":{"line":10,"column":3}},"line":4}},"branchMap":{},"s":{"0":2,"1":0},"f":{"0":0},"b":{},"_coverageSchema":"1a1c01bbd47fc00a2c39e90264f33305004495a9","hash":"6bd057aabfb2c1e0cfa757c59c14c74373e3790c"}
,"C:\\Users\\nelso\\OneDrive\\Escritorio\\Univalle\\8 Semestre\\DS2\\Proyecto\\whatsapp-clone\\packages\\client\\src\\components\\AccountContext.jsx": {"path":"C:\\Users\\nelso\\OneDrive\\Escritorio\\Univalle\\8 Semestre\\DS2\\Proyecto\\whatsapp-clone\\packages\\client\\src\\components\\AccountContext.jsx","statementMap":{"0":{"start":{"line":5,"column":30},"end":{"line":5,"column":45}},"1":{"start":{"line":7,"column":20},"end":{"line":46,"column":1}},"2":{"start":{"line":8,"column":26},"end":{"line":11,"column":4}},"3":{"start":{"line":12,"column":19},"end":{"line":12,"column":32}},"4":{"start":{"line":13,"column":2},"end":{"line":40,"column":9}},"5":{"start":{"line":14,"column":4},"end":{"line":38,"column":9}},"6":{"start":{"line":21,"column":8},"end":{"line":21,"column":37}},"7":{"start":{"line":22,"column":8},"end":{"line":22,"column":15}},"8":{"start":{"line":25,"column":8},"end":{"line":28,"column":9}},"9":{"start":{"line":26,"column":10},"end":{"line":26,"column":39}},"10":{"start":{"line":27,"column":10},"end":{"line":27,"column":17}},"11":{"start":{"line":29,"column":8},"end":{"line":29,"column":24}},"12":{"start":{"line":32,"column":8},"end":{"line":35,"column":9}},"13":{"start":{"line":33,"column":10},"end":{"line":33,"column":39}},"14":{"start":{"line":34,"column":10},"end":{"line":34,"column":17}},"15":{"start":{"line":36,"column":8},"end":{"line":36,"column":29}},"16":{"start":{"line":37,"column":8},"end":{"line":37,"column":26}},"17":{"start":{"line":41,"column":2},"end":{"line":45,"column":4}}},"fnMap":{"0":{"name":"(anonymous_0)","decl":{"start":{"line":7,"column":20},"end":{"line":7,"column":21}},"loc":{"start":{"line":7,"column":38},"end":{"line":46,"column":1}},"line":7},"1":{"name":"(anonymous_1)","decl":{"start":{"line":13,"column":12},"end":{"line":13,"column":13}},"loc":{"start":{"line":13,"column":18},"end":{"line":40,"column":3}},"line":13},"2":{"name":"(anonymous_2)","decl":{"start":{"line":20,"column":13},"end":{"line":20,"column":14}},"loc":{"start":{"line":20,"column":20},"end":{"line":23,"column":7}},"line":20},"3":{"name":"(anonymous_3)","decl":{"start":{"line":24,"column":12},"end":{"line":24,"column":13}},"loc":{"start":{"line":24,"column":17},"end":{"line":30,"column":7}},"line":24},"4":{"name":"(anonymous_4)","decl":{"start":{"line":31,"column":12},"end":{"line":31,"column":13}},"loc":{"start":{"line":31,"column":20},"end":{"line":38,"column":7}},"line":31}},"branchMap":{"0":{"loc":{"start":{"line":25,"column":8},"end":{"line":28,"column":9}},"type":"if","locations":[{"start":{"line":25,"column":8},"end":{"line":28,"column":9}},{"start":{},"end":{}}],"line":25},"1":{"loc":{"start":{"line":25,"column":12},"end":{"line":25,"column":42}},"type":"binary-expr","locations":[{"start":{"line":25,"column":12},"end":{"line":25,"column":14}},{"start":{"line":25,"column":18},"end":{"line":25,"column":23}},{"start":{"line":25,"column":27},"end":{"line":25,"column":42}}],"line":25},"2":{"loc":{"start":{"line":32,"column":8},"end":{"line":35,"column":9}},"type":"if","locations":[{"start":{"line":32,"column":8},"end":{"line":35,"column":9}},{"start":{},"end":{}}],"line":32}},"s":{"0":2,"1":2,"2":0,"3":0,"4":0,"5":0,"6":0,"7":0,"8":0,"9":0,"10":0,"11":0,"12":0,"13":0,"14":0,"15":0,"16":0,"17":0},"f":{"0":0,"1":0,"2":0,"3":0,"4":0},"b":{"0":[0,0],"1":[0,0,0],"2":[0,0]},"_coverageSchema":"1a1c01bbd47fc00a2c39e90264f33305004495a9","hash":"6c60fc972184d3fed43b67b6c10e64b3857c21bb"}
,"C:\\Users\\nelso\\OneDrive\\Escritorio\\Univalle\\8 Semestre\\DS2\\Proyecto\\whatsapp-clone\\packages\\client\\src\\components\\PrivateRoutes.jsx": {"path":"C:\\Users\\nelso\\OneDrive\\Escritorio\\Univalle\\8 Semestre\\DS2\\Proyecto\\whatsapp-clone\\packages\\client\\src\\components\\PrivateRoutes.jsx","statementMap":{"0":{"start":{"line":6,"column":16},"end":{"line":9,"column":1}},"1":{"start":{"line":7,"column":17},"end":{"line":7,"column":43}},"2":{"start":{"line":8,"column":2},"end":{"line":8,"column":31}},"3":{"start":{"line":11,"column":22},"end":{"line":14,"column":1}},"4":{"start":{"line":12,"column":17},"end":{"line":12,"column":26}},"5":{"start":{"line":13,"column":2},"end":{"line":13,"column":51}}},"fnMap":{"0":{"name":"(anonymous_0)","decl":{"start":{"line":6,"column":16},"end":{"line":6,"column":17}},"loc":{"start":{"line":6,"column":22},"end":{"line":9,"column":1}},"line":6},"1":{"name":"(anonymous_1)","decl":{"start":{"line":11,"column":22},"end":{"line":11,"column":23}},"loc":{"start":{"line":11,"column":28},"end":{"line":14,"column":1}},"line":11}},"branchMap":{"0":{"loc":{"start":{"line":8,"column":9},"end":{"line":8,"column":30}},"type":"binary-expr","locations":[{"start":{"line":8,"column":9},"end":{"line":8,"column":13}},{"start":{"line":8,"column":17},"end":{"line":8,"column":30}}],"line":8},"1":{"loc":{"start":{"line":13,"column":9},"end":{"line":13,"column":50}},"type":"cond-expr","locations":[{"start":{"line":13,"column":18},"end":{"line":13,"column":28}},{"start":{"line":13,"column":31},"end":{"line":13,"column":50}}],"line":13}},"s":{"0":0,"1":0,"2":0,"3":0,"4":0,"5":0},"f":{"0":0,"1":0},"b":{"0":[0,0],"1":[0,0]}}
,"C:\\Users\\nelso\\OneDrive\\Escritorio\\Univalle\\8 Semestre\\DS2\\Proyecto\\whatsapp-clone\\packages\\client\\src\\components\\TextField.jsx": {"path":"C:\\Users\\nelso\\OneDrive\\Escritorio\\Univalle\\8 Semestre\\DS2\\Proyecto\\whatsapp-clone\\packages\\client\\src\\components\\TextField.jsx","statementMap":{"0":{"start":{"line":9,"column":18},"end":{"line":18,"column":1}},"1":{"start":{"line":10,"column":24},"end":{"line":10,"column":39}},"2":{"start":{"line":11,"column":2},"end":{"line":17,"column":4}}},"fnMap":{"0":{"name":"(anonymous_0)","decl":{"start":{"line":9,"column":18},"end":{"line":9,"column":19}},"loc":{"start":{"line":9,"column":41},"end":{"line":18,"column":1}},"line":9}},"branchMap":{"0":{"loc":{"start":{"line":12,"column":28},"end":{"line":12,"column":54}},"type":"binary-expr","locations":[{"start":{"line":12,"column":28},"end":{"line":12,"column":38}},{"start":{"line":12,"column":42},"end":{"line":12,"column":54}}],"line":12}},"s":{"0":3,"1":1,"2":1},"f":{"0":1},"b":{"0":[1,0]},"_coverageSchema":"1a1c01bbd47fc00a2c39e90264f33305004495a9","hash":"e2afeef692278c2303fc261ce8b977fdac19491a"}
,"C:\\Users\\nelso\\OneDrive\\Escritorio\\Univalle\\8 Semestre\\DS2\\Proyecto\\whatsapp-clone\\packages\\client\\src\\components\\ToggleColorMode.jsx": {"path":"C:\\Users\\nelso\\OneDrive\\Escritorio\\Univalle\\8 Semestre\\DS2\\Proyecto\\whatsapp-clone\\packages\\client\\src\\components\\ToggleColorMode.jsx","statementMap":{"0":{"start":{"line":5,"column":24},"end":{"line":18,"column":1}},"1":{"start":{"line":6,"column":41},"end":{"line":6,"column":55}},"2":{"start":{"line":7,"column":2},"end":{"line":17,"column":4}},"3":{"start":{"line":9,"column":21},"end":{"line":9,"column":38}}},"fnMap":{"0":{"name":"(anonymous_0)","decl":{"start":{"line":5,"column":24},"end":{"line":5,"column":25}},"loc":{"start":{"line":5,"column":30},"end":{"line":18,"column":1}},"line":5},"1":{"name":"(anonymous_1)","decl":{"start":{"line":9,"column":15},"end":{"line":9,"column":16}},"loc":{"start":{"line":9,"column":21},"end":{"line":9,"column":38}},"line":9}},"branchMap":{"0":{"loc":{"start":{"line":15,"column":7},"end":{"line":15,"column":90}},"type":"cond-expr","locations":[{"start":{"line":15,"column":30},"end":{"line":15,"column":59}},{"start":{"line":15,"column":62},"end":{"line":15,"column":90}}],"line":15}},"s":{"0":1,"1":2,"2":2,"3":1},"f":{"0":2,"1":1},"b":{"0":[1,1]},"_coverageSchema":"1a1c01bbd47fc00a2c39e90264f33305004495a9","hash":"a9b37231d20211cf28c1b46fe78977528ed555a0"}
,"C:\\Users\\nelso\\OneDrive\\Escritorio\\Univalle\\8 Semestre\\DS2\\Proyecto\\whatsapp-clone\\packages\\client\\src\\components\\Views.jsx": {"path":"C:\\Users\\nelso\\OneDrive\\Escritorio\\Univalle\\8 Semestre\\DS2\\Proyecto\\whatsapp-clone\\packages\\client\\src\\components\\Views.jsx","statementMap":{"0":{"start":{"line":10,"column":14},"end":{"line":25,"column":1}},"1":{"start":{"line":11,"column":19},"end":{"line":11,"column":45}},"2":{"start":{"line":12,"column":2},"end":{"line":24,"column":4}}},"fnMap":{"0":{"name":"(anonymous_0)","decl":{"start":{"line":10,"column":14},"end":{"line":10,"column":15}},"loc":{"start":{"line":10,"column":20},"end":{"line":25,"column":1}},"line":10}},"branchMap":{"0":{"loc":{"start":{"line":12,"column":9},"end":{"line":24,"column":3}},"type":"cond-expr","locations":[{"start":{"line":13,"column":4},"end":{"line":13,"column":27}},{"start":{"line":15,"column":4},"end":{"line":23,"column":13}}],"line":12}},"s":{"0":0,"1":0,"2":0},"f":{"0":0},"b":{"0":[0,0]}}
,"C:\\Users\\nelso\\OneDrive\\Escritorio\\Univalle\\8 Semestre\\DS2\\Proyecto\\whatsapp-clone\\packages\\client\\src\\components\\access\\LogIn.jsx": {"path":"C:\\Users\\nelso\\OneDrive\\Escritorio\\Univalle\\8 Semestre\\DS2\\Proyecto\\whatsapp-clone\\packages\\client\\src\\components\\access\\LogIn.jsx","statementMap":{"0":{"start":{"line":15,"column":14},"end":{"line":92,"column":1}},"1":{"start":{"line":16,"column":22},"end":{"line":16,"column":48}},"2":{"start":{"line":17,"column":28},"end":{"line":17,"column":42}},"3":{"start":{"line":18,"column":19},"end":{"line":18,"column":32}},"4":{"start":{"line":19,"column":2},"end":{"line":91,"column":4}},"5":{"start":{"line":24,"column":21},"end":{"line":24,"column":34}},"6":{"start":{"line":25,"column":8},"end":{"line":25,"column":28}},"7":{"start":{"line":26,"column":8},"end":{"line":51,"column":13}},"8":{"start":{"line":35,"column":12},"end":{"line":35,"column":19}},"9":{"start":{"line":38,"column":12},"end":{"line":40,"column":13}},"10":{"start":{"line":39,"column":14},"end":{"line":39,"column":21}},"11":{"start":{"line":41,"column":12},"end":{"line":41,"column":30}},"12":{"start":{"line":44,"column":12},"end":{"line":44,"column":30}},"13":{"start":{"line":44,"column":23},"end":{"line":44,"column":30}},"14":{"start":{"line":45,"column":12},"end":{"line":45,"column":33}},"15":{"start":{"line":46,"column":12},"end":{"line":50,"column":13}},"16":{"start":{"line":47,"column":14},"end":{"line":47,"column":36}},"17":{"start":{"line":48,"column":19},"end":{"line":50,"column":13}},"18":{"start":{"line":49,"column":14},"end":{"line":49,"column":32}},"19":{"start":{"line":85,"column":33},"end":{"line":85,"column":53}}},"fnMap":{"0":{"name":"(anonymous_0)","decl":{"start":{"line":15,"column":14},"end":{"line":15,"column":15}},"loc":{"start":{"line":15,"column":20},"end":{"line":92,"column":1}},"line":15},"1":{"name":"(anonymous_1)","decl":{"start":{"line":23,"column":16},"end":{"line":23,"column":17}},"loc":{"start":{"line":23,"column":37},"end":{"line":52,"column":7}},"line":23},"2":{"name":"(anonymous_2)","decl":{"start":{"line":34,"column":17},"end":{"line":34,"column":18}},"loc":{"start":{"line":34,"column":24},"end":{"line":36,"column":11}},"line":34},"3":{"name":"(anonymous_3)","decl":{"start":{"line":37,"column":16},"end":{"line":37,"column":17}},"loc":{"start":{"line":37,"column":23},"end":{"line":42,"column":11}},"line":37},"4":{"name":"(anonymous_4)","decl":{"start":{"line":43,"column":16},"end":{"line":43,"column":17}},"loc":{"start":{"line":43,"column":24},"end":{"line":51,"column":11}},"line":43},"5":{"name":"(anonymous_5)","decl":{"start":{"line":85,"column":27},"end":{"line":85,"column":28}},"loc":{"start":{"line":85,"column":33},"end":{"line":85,"column":53}},"line":85}},"branchMap":{"0":{"loc":{"start":{"line":38,"column":12},"end":{"line":40,"column":13}},"type":"if","locations":[{"start":{"line":38,"column":12},"end":{"line":40,"column":13}},{"start":{},"end":{}}],"line":38},"1":{"loc":{"start":{"line":38,"column":16},"end":{"line":38,"column":52}},"type":"binary-expr","locations":[{"start":{"line":38,"column":16},"end":{"line":38,"column":20}},{"start":{"line":38,"column":24},"end":{"line":38,"column":31}},{"start":{"line":38,"column":35},"end":{"line":38,"column":52}}],"line":38},"2":{"loc":{"start":{"line":44,"column":12},"end":{"line":44,"column":30}},"type":"if","locations":[{"start":{"line":44,"column":12},"end":{"line":44,"column":30}},{"start":{},"end":{}}],"line":44},"3":{"loc":{"start":{"line":46,"column":12},"end":{"line":50,"column":13}},"type":"if","locations":[{"start":{"line":46,"column":12},"end":{"line":50,"column":13}},{"start":{"line":48,"column":19},"end":{"line":50,"column":13}}],"line":46},"4":{"loc":{"start":{"line":48,"column":19},"end":{"line":50,"column":13}},"type":"if","locations":[{"start":{"line":48,"column":19},"end":{"line":50,"column":13}},{"start":{},"end":{}}],"line":48}},"s":{"0":0,"1":0,"2":0,"3":0,"4":0,"5":0,"6":0,"7":0,"8":0,"9":0,"10":0,"11":0,"12":0,"13":0,"14":0,"15":0,"16":0,"17":0,"18":0,"19":0},"f":{"0":0,"1":0,"2":0,"3":0,"4":0,"5":0},"b":{"0":[0,0],"1":[0,0,0],"2":[0,0],"3":[0,0],"4":[0,0]}}
,"C:\\Users\\nelso\\OneDrive\\Escritorio\\Univalle\\8 Semestre\\DS2\\Proyecto\\whatsapp-clone\\packages\\client\\src\\components\\access\\SignUp.jsx": {"path":"C:\\Users\\nelso\\OneDrive\\Escritorio\\Univalle\\8 Semestre\\DS2\\Proyecto\\whatsapp-clone\\packages\\client\\src\\components\\access\\SignUp.jsx","statementMap":{"0":{"start":{"line":16,"column":15},"end":{"line":94,"column":1}},"1":{"start":{"line":17,"column":22},"end":{"line":17,"column":48}},"2":{"start":{"line":18,"column":28},"end":{"line":18,"column":42}},"3":{"start":{"line":19,"column":19},"end":{"line":19,"column":32}},"4":{"start":{"line":20,"column":2},"end":{"line":93,"column":4}},"5":{"start":{"line":25,"column":21},"end":{"line":25,"column":34}},"6":{"start":{"line":26,"column":8},"end":{"line":26,"column":28}},"7":{"start":{"line":27,"column":8},"end":{"line":53,"column":13}},"8":{"start":{"line":36,"column":12},"end":{"line":36,"column":19}},"9":{"start":{"line":39,"column":12},"end":{"line":41,"column":13}},"10":{"start":{"line":40,"column":14},"end":{"line":40,"column":21}},"11":{"start":{"line":42,"column":12},"end":{"line":42,"column":30}},"12":{"start":{"line":45,"column":12},"end":{"line":45,"column":30}},"13":{"start":{"line":45,"column":23},"end":{"line":45,"column":30}},"14":{"start":{"line":46,"column":12},"end":{"line":46,"column":33}},"15":{"start":{"line":47,"column":12},"end":{"line":52,"column":13}},"16":{"start":{"line":48,"column":14},"end":{"line":48,"column":36}},"17":{"start":{"line":49,"column":19},"end":{"line":52,"column":13}},"18":{"start":{"line":50,"column":14},"end":{"line":50,"column":56}},"19":{"start":{"line":51,"column":14},"end":{"line":51,"column":32}},"20":{"start":{"line":87,"column":33},"end":{"line":87,"column":52}}},"fnMap":{"0":{"name":"(anonymous_0)","decl":{"start":{"line":16,"column":15},"end":{"line":16,"column":16}},"loc":{"start":{"line":16,"column":21},"end":{"line":94,"column":1}},"line":16},"1":{"name":"(anonymous_1)","decl":{"start":{"line":24,"column":16},"end":{"line":24,"column":17}},"loc":{"start":{"line":24,"column":37},"end":{"line":54,"column":7}},"line":24},"2":{"name":"(anonymous_2)","decl":{"start":{"line":35,"column":17},"end":{"line":35,"column":18}},"loc":{"start":{"line":35,"column":24},"end":{"line":37,"column":11}},"line":35},"3":{"name":"(anonymous_3)","decl":{"start":{"line":38,"column":16},"end":{"line":38,"column":17}},"loc":{"start":{"line":38,"column":23},"end":{"line":43,"column":11}},"line":38},"4":{"name":"(anonymous_4)","decl":{"start":{"line":44,"column":16},"end":{"line":44,"column":17}},"loc":{"start":{"line":44,"column":24},"end":{"line":53,"column":11}},"line":44},"5":{"name":"(anonymous_5)","decl":{"start":{"line":87,"column":27},"end":{"line":87,"column":28}},"loc":{"start":{"line":87,"column":33},"end":{"line":87,"column":52}},"line":87}},"branchMap":{"0":{"loc":{"start":{"line":39,"column":12},"end":{"line":41,"column":13}},"type":"if","locations":[{"start":{"line":39,"column":12},"end":{"line":41,"column":13}},{"start":{},"end":{}}],"line":39},"1":{"loc":{"start":{"line":39,"column":16},"end":{"line":39,"column":52}},"type":"binary-expr","locations":[{"start":{"line":39,"column":16},"end":{"line":39,"column":20}},{"start":{"line":39,"column":24},"end":{"line":39,"column":31}},{"start":{"line":39,"column":35},"end":{"line":39,"column":52}}],"line":39},"2":{"loc":{"start":{"line":45,"column":12},"end":{"line":45,"column":30}},"type":"if","locations":[{"start":{"line":45,"column":12},"end":{"line":45,"column":30}},{"start":{},"end":{}}],"line":45},"3":{"loc":{"start":{"line":47,"column":12},"end":{"line":52,"column":13}},"type":"if","locations":[{"start":{"line":47,"column":12},"end":{"line":52,"column":13}},{"start":{"line":49,"column":19},"end":{"line":52,"column":13}}],"line":47},"4":{"loc":{"start":{"line":49,"column":19},"end":{"line":52,"column":13}},"type":"if","locations":[{"start":{"line":49,"column":19},"end":{"line":52,"column":13}},{"start":{},"end":{}}],"line":49}},"s":{"0":0,"1":0,"2":0,"3":0,"4":0,"5":0,"6":0,"7":0,"8":0,"9":0,"10":0,"11":0,"12":0,"13":0,"14":0,"15":0,"16":0,"17":0,"18":0,"19":0,"20":0},"f":{"0":0,"1":0,"2":0,"3":0,"4":0,"5":0},"b":{"0":[0,0],"1":[0,0,0],"2":[0,0],"3":[0,0],"4":[0,0]}}
,"C:\\Users\\nelso\\OneDrive\\Escritorio\\Univalle\\8 Semestre\\DS2\\Proyecto\\whatsapp-clone\\packages\\client\\src\\components\\home\\AddFriendModal.jsx": {"path":"C:\\Users\\nelso\\OneDrive\\Escritorio\\Univalle\\8 Semestre\\DS2\\Proyecto\\whatsapp-clone\\packages\\client\\src\\components\\home\\AddFriendModal.jsx","statementMap":{"0":{"start":{"line":16,"column":23},"end":{"line":70,"column":1}},"1":{"start":{"line":17,"column":28},"end":{"line":17,"column":40}},"2":{"start":{"line":18,"column":21},"end":{"line":21,"column":15}},"3":{"start":{"line":19,"column":4},"end":{"line":19,"column":17}},"4":{"start":{"line":20,"column":4},"end":{"line":20,"column":14}},"5":{"start":{"line":22,"column":28},"end":{"line":22,"column":53}},"6":{"start":{"line":23,"column":21},"end":{"line":23,"column":46}},"7":{"start":{"line":24,"column":2},"end":{"line":69,"column":4}},"8":{"start":{"line":33,"column":12},"end":{"line":44,"column":14}},"9":{"start":{"line":37,"column":16},"end":{"line":41,"column":17}},"10":{"start":{"line":38,"column":18},"end":{"line":38,"column":56}},"11":{"start":{"line":38,"column":37},"end":{"line":38,"column":54}},"12":{"start":{"line":39,"column":18},"end":{"line":39,"column":31}},"13":{"start":{"line":40,"column":18},"end":{"line":40,"column":25}},"14":{"start":{"line":42,"column":16},"end":{"line":42,"column":35}}},"fnMap":{"0":{"name":"(anonymous_0)","decl":{"start":{"line":16,"column":23},"end":{"line":16,"column":24}},"loc":{"start":{"line":16,"column":48},"end":{"line":70,"column":1}},"line":16},"1":{"name":"(anonymous_1)","decl":{"start":{"line":18,"column":33},"end":{"line":18,"column":34}},"loc":{"start":{"line":18,"column":39},"end":{"line":21,"column":3}},"line":18},"2":{"name":"(anonymous_2)","decl":{"start":{"line":32,"column":20},"end":{"line":32,"column":21}},"loc":{"start":{"line":32,"column":30},"end":{"line":45,"column":11}},"line":32},"3":{"name":"(anonymous_3)","decl":{"start":{"line":36,"column":14},"end":{"line":36,"column":15}},"loc":{"start":{"line":36,"column":49},"end":{"line":43,"column":15}},"line":36},"4":{"name":"(anonymous_4)","decl":{"start":{"line":38,"column":32},"end":{"line":38,"column":33}},"loc":{"start":{"line":38,"column":37},"end":{"line":38,"column":54}},"line":38}},"branchMap":{"0":{"loc":{"start":{"line":37,"column":16},"end":{"line":41,"column":17}},"type":"if","locations":[{"start":{"line":37,"column":16},"end":{"line":41,"column":17}},{"start":{},"end":{}}],"line":37}},"s":{"0":2,"1":1,"2":1,"3":0,"4":0,"5":1,"6":1,"7":1,"8":0,"9":0,"10":0,"11":0,"12":0,"13":0,"14":0},"f":{"0":1,"1":0,"2":0,"3":0,"4":0},"b":{"0":[0,0]},"_coverageSchema":"1a1c01bbd47fc00a2c39e90264f33305004495a9","hash":"a8fe29621e6319564b512d8c0d348860b2204c45"}
,"C:\\Users\\nelso\\OneDrive\\Escritorio\\Univalle\\8 Semestre\\DS2\\Proyecto\\whatsapp-clone\\packages\\client\\src\\components\\home\\Chat.js": {"path":"C:\\Users\\nelso\\OneDrive\\Escritorio\\Univalle\\8 Semestre\\DS2\\Proyecto\\whatsapp-clone\\packages\\client\\src\\components\\home\\Chat.js","statementMap":{"0":{"start":{"line":7,"column":13},"end":{"line":69,"column":1}},"1":{"start":{"line":8,"column":25},"end":{"line":8,"column":50}},"2":{"start":{"line":9,"column":23},"end":{"line":9,"column":50}},"3":{"start":{"line":10,"column":20},"end":{"line":10,"column":32}},"4":{"start":{"line":12,"column":2},"end":{"line":14,"column":5}},"5":{"start":{"line":13,"column":4},"end":{"line":13,"column":40}},"6":{"start":{"line":16,"column":2},"end":{"line":68,"column":4}},"7":{"start":{"line":20,"column":10},"end":{"line":49,"column":19}},"8":{"start":{"line":29,"column":23},"end":{"line":29,"column":77}},"9":{"start":{"line":32,"column":16},"end":{"line":47,"column":23}}},"fnMap":{"0":{"name":"(anonymous_0)","decl":{"start":{"line":7,"column":13},"end":{"line":7,"column":14}},"loc":{"start":{"line":7,"column":29},"end":{"line":69,"column":1}},"line":7},"1":{"name":"(anonymous_1)","decl":{"start":{"line":12,"column":12},"end":{"line":12,"column":13}},"loc":{"start":{"line":12,"column":18},"end":{"line":14,"column":3}},"line":12},"2":{"name":"(anonymous_2)","decl":{"start":{"line":19,"column":24},"end":{"line":19,"column":25}},"loc":{"start":{"line":20,"column":10},"end":{"line":49,"column":19}},"line":20},"3":{"name":"(anonymous_3)","decl":{"start":{"line":29,"column":16},"end":{"line":29,"column":17}},"loc":{"start":{"line":29,"column":23},"end":{"line":29,"column":77}},"line":29},"4":{"name":"(anonymous_4)","decl":{"start":{"line":31,"column":19},"end":{"line":31,"column":20}},"loc":{"start":{"line":32,"column":16},"end":{"line":47,"column":23}},"line":32}},"branchMap":{"0":{"loc":{"start":{"line":16,"column":9},"end":{"line":68,"column":3}},"type":"cond-expr","locations":[{"start":{"line":17,"column":4},"end":{"line":53,"column":13}},{"start":{"line":55,"column":4},"end":{"line":67,"column":13}}],"line":16},"1":{"loc":{"start":{"line":29,"column":23},"end":{"line":29,"column":77}},"type":"binary-expr","locations":[{"start":{"line":29,"column":23},"end":{"line":29,"column":47}},{"start":{"line":29,"column":51},"end":{"line":29,"column":77}}],"line":29},"2":{"loc":{"start":{"line":34,"column":20},"end":{"line":36,"column":50}},"type":"cond-expr","locations":[{"start":{"line":35,"column":24},"end":{"line":35,"column":50}},{"start":{"line":36,"column":24},"end":{"line":36,"column":50}}],"line":34},"3":{"loc":{"start":{"line":41,"column":22},"end":{"line":41,"column":76}},"type":"cond-expr","locations":[{"start":{"line":41,"column":53},"end":{"line":41,"column":63}},{"start":{"line":41,"column":66},"end":{"line":41,"column":76}}],"line":41}},"s":{"0":2,"1":1,"2":1,"3":1,"4":1,"5":1,"6":1,"7":2,"8":4,"9":4},"f":{"0":1,"1":1,"2":2,"3":4,"4":4},"b":{"0":[1,0],"1":[4,2],"2":[2,2],"3":[2,2]},"_coverageSchema":"1a1c01bbd47fc00a2c39e90264f33305004495a9","hash":"b3e54f1ecf7c783da04de8469967435b3b48265a"}
,"C:\\Users\\nelso\\OneDrive\\Escritorio\\Univalle\\8 Semestre\\DS2\\Proyecto\\whatsapp-clone\\packages\\client\\src\\components\\home\\ChatBox.jsx": {"path":"C:\\Users\\nelso\\OneDrive\\Escritorio\\Univalle\\8 Semestre\\DS2\\Proyecto\\whatsapp-clone\\packages\\client\\src\\components\\home\\ChatBox.jsx","statementMap":{"0":{"start":{"line":9,"column":16},"end":{"line":39,"column":1}},"1":{"start":{"line":10,"column":26},"end":{"line":10,"column":53}},"2":{"start":{"line":11,"column":21},"end":{"line":11,"column":46}},"3":{"start":{"line":12,"column":2},"end":{"line":38,"column":4}},"4":{"start":{"line":19,"column":24},"end":{"line":19,"column":75}},"5":{"start":{"line":20,"column":8},"end":{"line":20,"column":35}},"6":{"start":{"line":21,"column":8},"end":{"line":21,"column":56}},"7":{"start":{"line":21,"column":32},"end":{"line":21,"column":54}},"8":{"start":{"line":22,"column":8},"end":{"line":22,"column":28}}},"fnMap":{"0":{"name":"(anonymous_0)","decl":{"start":{"line":9,"column":16},"end":{"line":9,"column":17}},"loc":{"start":{"line":9,"column":32},"end":{"line":39,"column":1}},"line":9},"1":{"name":"(anonymous_1)","decl":{"start":{"line":18,"column":16},"end":{"line":18,"column":17}},"loc":{"start":{"line":18,"column":37},"end":{"line":23,"column":7}},"line":18},"2":{"name":"(anonymous_2)","decl":{"start":{"line":21,"column":20},"end":{"line":21,"column":21}},"loc":{"start":{"line":21,"column":32},"end":{"line":21,"column":54}},"line":21}},"branchMap":{},"s":{"0":2,"1":1,"2":1,"3":1,"4":0,"5":0,"6":0,"7":0,"8":0},"f":{"0":1,"1":0,"2":0},"b":{},"_coverageSchema":"1a1c01bbd47fc00a2c39e90264f33305004495a9","hash":"475d18e2dc7edb8d05a69800ff6f76b362e546f8"}
,"C:\\Users\\nelso\\OneDrive\\Escritorio\\Univalle\\8 Semestre\\DS2\\Proyecto\\whatsapp-clone\\packages\\client\\src\\components\\home\\Home.jsx": {"path":"C:\\Users\\nelso\\OneDrive\\Escritorio\\Univalle\\8 Semestre\\DS2\\Proyecto\\whatsapp-clone\\packages\\client\\src\\components\\home\\Home.jsx","statementMap":{"0":{"start":{"line":9,"column":29},"end":{"line":9,"column":44}},"1":{"start":{"line":10,"column":31},"end":{"line":10,"column":46}},"2":{"start":{"line":11,"column":29},"end":{"line":11,"column":44}},"3":{"start":{"line":13,"column":13},"end":{"line":45,"column":1}},"4":{"start":{"line":14,"column":38},"end":{"line":14,"column":50}},"5":{"start":{"line":15,"column":34},"end":{"line":15,"column":46}},"6":{"start":{"line":16,"column":40},"end":{"line":16,"column":51}},"7":{"start":{"line":18,"column":19},"end":{"line":18,"column":45}},"8":{"start":{"line":19,"column":30},"end":{"line":19,"column":62}},"9":{"start":{"line":19,"column":45},"end":{"line":19,"column":61}},"10":{"start":{"line":20,"column":2},"end":{"line":22,"column":13}},"11":{"start":{"line":21,"column":4},"end":{"line":21,"column":38}},"12":{"start":{"line":21,"column":20},"end":{"line":21,"column":36}},"13":{"start":{"line":23,"column":2},"end":{"line":23,"column":53}},"14":{"start":{"line":24,"column":2},"end":{"line":44,"column":4}},"15":{"start":{"line":31,"column":29},"end":{"line":31,"column":50}}},"fnMap":{"0":{"name":"(anonymous_0)","decl":{"start":{"line":13,"column":13},"end":{"line":13,"column":14}},"loc":{"start":{"line":13,"column":19},"end":{"line":45,"column":1}},"line":13},"1":{"name":"(anonymous_1)","decl":{"start":{"line":19,"column":39},"end":{"line":19,"column":40}},"loc":{"start":{"line":19,"column":45},"end":{"line":19,"column":61}},"line":19},"2":{"name":"(anonymous_2)","decl":{"start":{"line":20,"column":12},"end":{"line":20,"column":13}},"loc":{"start":{"line":20,"column":18},"end":{"line":22,"column":3}},"line":20},"3":{"name":"(anonymous_3)","decl":{"start":{"line":21,"column":14},"end":{"line":21,"column":15}},"loc":{"start":{"line":21,"column":20},"end":{"line":21,"column":36}},"line":21},"4":{"name":"(anonymous_4)","decl":{"start":{"line":31,"column":20},"end":{"line":31,"column":21}},"loc":{"start":{"line":31,"column":29},"end":{"line":31,"column":50}},"line":31}},"branchMap":{},"s":{"0":2,"1":2,"2":2,"3":2,"4":0,"5":0,"6":0,"7":0,"8":0,"9":0,"10":0,"11":0,"12":0,"13":0,"14":0,"15":0},"f":{"0":0,"1":0,"2":0,"3":0,"4":0},"b":{},"_coverageSchema":"1a1c01bbd47fc00a2c39e90264f33305004495a9","hash":"d8946b36f889c27a2d05db8c59ae0c58c6322c07"}
,"C:\\Users\\nelso\\OneDrive\\Escritorio\\Univalle\\8 Semestre\\DS2\\Proyecto\\whatsapp-clone\\packages\\client\\src\\components\\home\\Sidebar.jsx": {"path":"C:\\Users\\nelso\\OneDrive\\Escritorio\\Univalle\\8 Semestre\\DS2\\Proyecto\\whatsapp-clone\\packages\\client\\src\\components\\home\\Sidebar.jsx","statementMap":{"0":{"start":{"line":17,"column":16},"end":{"line":48,"column":1}},"1":{"start":{"line":18,"column":25},"end":{"line":18,"column":50}},"2":{"start":{"line":19,"column":38},"end":{"line":19,"column":53}},"3":{"start":{"line":20,"column":2},"end":{"line":47,"column":4}},"4":{"start":{"line":32,"column":12},"end":{"line":41,"column":21}}},"fnMap":{"0":{"name":"(anonymous_0)","decl":{"start":{"line":17,"column":16},"end":{"line":17,"column":17}},"loc":{"start":{"line":17,"column":22},"end":{"line":48,"column":1}},"line":17},"1":{"name":"(anonymous_1)","decl":{"start":{"line":31,"column":26},"end":{"line":31,"column":27}},"loc":{"start":{"line":32,"column":12},"end":{"line":41,"column":21}},"line":32}},"branchMap":{"0":{"loc":{"start":{"line":35,"column":18},"end":{"line":35,"column":76}},"type":"cond-expr","locations":[{"start":{"line":35,"column":53},"end":{"line":35,"column":64}},{"start":{"line":35,"column":67},"end":{"line":35,"column":76}}],"line":35}},"s":{"0":2,"1":2,"2":1,"3":1,"4":2},"f":{"0":2,"1":2},"b":{"0":[1,1]},"_coverageSchema":"1a1c01bbd47fc00a2c39e90264f33305004495a9","hash":"0971de1ed93e3ca3ee7da6d3ce62ce52e719a629"}
,"C:\\Users\\nelso\\OneDrive\\Escritorio\\Univalle\\8 Semestre\\DS2\\Proyecto\\whatsapp-clone\\packages\\client\\src\\components\\home\\useSocketSetup.jsx": {"path":"C:\\Users\\nelso\\OneDrive\\Escritorio\\Univalle\\8 Semestre\\DS2\\Proyecto\\whatsapp-clone\\packages\\client\\src\\components\\home\\useSocketSetup.jsx","statementMap":{"0":{"start":{"line":4,"column":23},"end":{"line":38,"column":1}},"1":{"start":{"line":5,"column":22},"end":{"line":5,"column":48}},"2":{"start":{"line":6,"column":2},"end":{"line":37,"column":52}},"3":{"start":{"line":7,"column":4},"end":{"line":7,"column":21}},"4":{"start":{"line":8,"column":4},"end":{"line":10,"column":7}},"5":{"start":{"line":9,"column":6},"end":{"line":9,"column":32}},"6":{"start":{"line":11,"column":4},"end":{"line":13,"column":7}},"7":{"start":{"line":12,"column":6},"end":{"line":12,"column":28}},"8":{"start":{"line":14,"column":4},"end":{"line":16,"column":7}},"9":{"start":{"line":15,"column":6},"end":{"line":15,"column":54}},"10":{"start":{"line":15,"column":30},"end":{"line":15,"column":52}},"11":{"start":{"line":17,"column":4},"end":{"line":26,"column":7}},"12":{"start":{"line":18,"column":6},"end":{"line":25,"column":9}},"13":{"start":{"line":19,"column":8},"end":{"line":24,"column":11}},"14":{"start":{"line":20,"column":10},"end":{"line":22,"column":11}},"15":{"start":{"line":21,"column":12},"end":{"line":21,"column":38}},"16":{"start":{"line":23,"column":10},"end":{"line":23,"column":24}},"17":{"start":{"line":27,"column":4},"end":{"line":29,"column":7}},"18":{"start":{"line":28,"column":6},"end":{"line":28,"column":35}},"19":{"start":{"line":30,"column":4},"end":{"line":36,"column":6}},"20":{"start":{"line":31,"column":6},"end":{"line":31,"column":34}},"21":{"start":{"line":32,"column":6},"end":{"line":32,"column":30}},"22":{"start":{"line":33,"column":6},"end":{"line":33,"column":28}},"23":{"start":{"line":34,"column":6},"end":{"line":34,"column":29}},"24":{"start":{"line":35,"column":6},"end":{"line":35,"column":23}}},"fnMap":{"0":{"name":"(anonymous_0)","decl":{"start":{"line":4,"column":23},"end":{"line":4,"column":24}},"loc":{"start":{"line":4,"column":63},"end":{"line":38,"column":1}},"line":4},"1":{"name":"(anonymous_1)","decl":{"start":{"line":6,"column":12},"end":{"line":6,"column":13}},"loc":{"start":{"line":6,"column":18},"end":{"line":37,"column":3}},"line":6},"2":{"name":"(anonymous_2)","decl":{"start":{"line":8,"column":25},"end":{"line":8,"column":26}},"loc":{"start":{"line":8,"column":39},"end":{"line":10,"column":5}},"line":8},"3":{"name":"(anonymous_3)","decl":{"start":{"line":11,"column":26},"end":{"line":11,"column":27}},"loc":{"start":{"line":11,"column":38},"end":{"line":13,"column":5}},"line":11},"4":{"name":"(anonymous_4)","decl":{"start":{"line":14,"column":20},"end":{"line":14,"column":21}},"loc":{"start":{"line":14,"column":31},"end":{"line":16,"column":5}},"line":14},"5":{"name":"(anonymous_5)","decl":{"start":{"line":15,"column":18},"end":{"line":15,"column":19}},"loc":{"start":{"line":15,"column":30},"end":{"line":15,"column":52}},"line":15},"6":{"name":"(anonymous_6)","decl":{"start":{"line":17,"column":27},"end":{"line":17,"column":28}},"loc":{"start":{"line":17,"column":49},"end":{"line":26,"column":5}},"line":17},"7":{"name":"(anonymous_7)","decl":{"start":{"line":18,"column":20},"end":{"line":18,"column":21}},"loc":{"start":{"line":18,"column":35},"end":{"line":25,"column":7}},"line":18},"8":{"name":"(anonymous_8)","decl":{"start":{"line":19,"column":36},"end":{"line":19,"column":37}},"loc":{"start":{"line":19,"column":46},"end":{"line":24,"column":9}},"line":19},"9":{"name":"(anonymous_9)","decl":{"start":{"line":27,"column":31},"end":{"line":27,"column":32}},"loc":{"start":{"line":27,"column":37},"end":{"line":29,"column":5}},"line":27},"10":{"name":"(anonymous_10)","decl":{"start":{"line":30,"column":11},"end":{"line":30,"column":12}},"loc":{"start":{"line":30,"column":17},"end":{"line":36,"column":5}},"line":30}},"branchMap":{"0":{"loc":{"start":{"line":20,"column":10},"end":{"line":22,"column":11}},"type":"if","locations":[{"start":{"line":20,"column":10},"end":{"line":22,"column":11}},{"start":{},"end":{}}],"line":20}},"s":{"0":2,"1":0,"2":0,"3":0,"4":0,"5":0,"6":0,"7":0,"8":0,"9":0,"10":0,"11":0,"12":0,"13":0,"14":0,"15":0,"16":0,"17":0,"18":0,"19":0,"20":0,"21":0,"22":0,"23":0,"24":0},"f":{"0":0,"1":0,"2":0,"3":0,"4":0,"5":0,"6":0,"7":0,"8":0,"9":0,"10":0},"b":{"0":[0,0]},"_coverageSchema":"1a1c01bbd47fc00a2c39e90264f33305004495a9","hash":"91f2a605d846ba78e0853243ecc46c9705b3dcb9"}
}
