TN:
SF:src/App.jsx
FN:5,App
FNF:1
FNH:0
FNDA:0,App
DA:6,0
LF:1
LH:0
BRF:0
BRH:0
end_of_record
TN:
SF:src/Schemas.js
FNF:0
FNH:0
DA:3,5
DA:14,5
LF:2
LH:2
BRF:0
BRH:0
end_of_record
TN:
SF:src/Socket.js
FN:3,(anonymous_0)
FNF:1
FNH:0
FNDA:0,(anonymous_0)
DA:3,3
DA:4,0
LF:2
LH:1
BRF:0
BRH:0
end_of_record
TN:
SF:src/Theme.js
FNF:0
FNH:0
DA:3,0
LF:1
LH:0
BRF:0
BRH:0
end_of_record
TN:
SF:src/main.jsx
FNF:0
FNH:0
DA:9,0
LF:1
LH:0
BRF:0
BRH:0
end_of_record
TN:
SF:src/components/AccountContext.jsx
FN:7,(anonymous_0)
FN:13,(anonymous_1)
FN:21,(anonymous_2)
FN:25,(anonymous_3)
FN:32,(anonymous_4)
FNF:5
FNH:0
FNDA:0,(anonymous_0)
FNDA:0,(anonymous_1)
FNDA:0,(anonymous_2)
FNDA:0,(anonymous_3)
FNDA:0,(anonymous_4)
DA:5,6
DA:7,6
DA:8,0
DA:12,0
DA:13,0
DA:15,0
DA:22,0
DA:23,0
DA:26,0
DA:27,0
DA:28,0
DA:30,0
DA:33,0
DA:34,0
DA:35,0
DA:37,0
DA:38,0
DA:42,0
LF:18
LH:2
BRDA:26,0,0,0
BRDA:26,0,1,0
BRDA:26,1,0,0
BRDA:26,1,1,0
BRDA:26,1,2,0
BRDA:33,2,0,0
BRDA:33,2,1,0
BRF:7
BRH:0
end_of_record
TN:
SF:src/components/PrivateRoutes.jsx
FN:6,(anonymous_0)
FN:11,(anonymous_1)
FNF:2
FNH:2
FNDA:3,(anonymous_0)
FNDA:1,(anonymous_1)
DA:6,2
DA:7,3
DA:8,3
DA:11,2
DA:12,1
DA:13,1
LF:6
LH:6
BRDA:8,0,0,3
BRDA:8,0,1,3
BRDA:13,1,0,0
BRDA:13,1,1,1
BRF:4
BRH:3
end_of_record
TN:
SF:src/components/TextField.jsx
FN:9,(anonymous_0)
FNF:1
FNH:1
FNDA:7,(anonymous_0)
DA:9,6
DA:10,7
DA:11,7
LF:3
LH:3
BRDA:12,0,0,7
BRDA:12,0,1,0
BRF:2
BRH:1
end_of_record
TN:
SF:src/components/ToggleColorMode.jsx
FN:5,(anonymous_0)
FN:9,(anonymous_1)
FNF:2
FNH:2
FNDA:2,(anonymous_0)
FNDA:1,(anonymous_1)
DA:5,1
DA:6,2
DA:7,2
DA:9,1
LF:4
LH:4
BRDA:15,0,0,1
BRDA:15,0,1,1
BRF:2
BRH:2
end_of_record
TN:
SF:src/components/Views.jsx
FN:10,(anonymous_0)
FNF:1
FNH:1
FNDA:2,(anonymous_0)
DA:10,1
DA:11,2
DA:12,2
LF:3
LH:3
BRDA:12,0,0,1
BRDA:12,0,1,1
BRF:2
BRH:2
end_of_record
TN:
SF:src/components/access/LogIn.jsx
FN:15,(anonymous_0)
FN:23,(anonymous_1)
FN:35,(anonymous_2)
FN:38,(anonymous_3)
FN:44,(anonymous_4)
FN:86,(anonymous_5)
FNF:6
FNH:1
FNDA:2,(anonymous_0)
FNDA:0,(anonymous_1)
FNDA:0,(anonymous_2)
FNDA:0,(anonymous_3)
FNDA:0,(anonymous_4)
FNDA:0,(anonymous_5)
DA:15,2
DA:16,2
DA:17,2
DA:18,2
DA:19,2
DA:24,0
DA:25,0
DA:27,0
DA:36,0
DA:39,0
DA:40,0
DA:42,0
DA:45,0
DA:46,0
DA:47,0
DA:48,0
DA:49,0
DA:50,0
DA:86,0
LF:19
LH:5
BRDA:39,0,0,0
BRDA:39,0,1,0
BRDA:39,1,0,0
BRDA:39,1,1,0
BRDA:39,1,2,0
BRDA:45,2,0,0
BRDA:45,2,1,0
BRDA:47,3,0,0
BRDA:47,3,1,0
BRDA:49,4,0,0
BRDA:49,4,1,0
BRF:11
BRH:0
end_of_record
TN:
SF:src/components/access/SignUp.jsx
FN:16,(anonymous_0)
FN:24,(anonymous_1)
FN:36,(anonymous_2)
FN:39,(anonymous_3)
FN:45,(anonymous_4)
FN:88,(anonymous_5)
FNF:6
FNH:1
FNDA:1,(anonymous_0)
FNDA:0,(anonymous_1)
FNDA:0,(anonymous_2)
FNDA:0,(anonymous_3)
FNDA:0,(anonymous_4)
FNDA:0,(anonymous_5)
DA:16,2
DA:17,1
DA:18,1
DA:19,1
DA:20,1
DA:25,0
DA:26,0
DA:28,0
DA:37,0
DA:40,0
DA:41,0
DA:43,0
DA:46,0
DA:47,0
DA:48,0
DA:49,0
DA:50,0
DA:51,0
DA:52,0
DA:88,0
LF:20
LH:5
BRDA:40,0,0,0
BRDA:40,0,1,0
BRDA:40,1,0,0
BRDA:40,1,1,0
BRDA:40,1,2,0
BRDA:46,2,0,0
BRDA:46,2,1,0
BRDA:48,3,0,0
BRDA:48,3,1,0
BRDA:50,4,0,0
BRDA:50,4,1,0
BRF:11
BRH:0
end_of_record
TN:
SF:src/components/home/AddFriendModal.jsx
FN:16,(anonymous_0)
FN:18,(anonymous_1)
FN:32,(anonymous_2)
FN:36,(anonymous_3)
FN:38,(anonymous_4)
FNF:5
FNH:1
FNDA:1,(anonymous_0)
FNDA:0,(anonymous_1)
FNDA:0,(anonymous_2)
FNDA:0,(anonymous_3)
FNDA:0,(anonymous_4)
DA:16,3
DA:17,1
DA:18,1
DA:19,0
DA:20,0
DA:22,1
DA:23,1
DA:24,1
DA:33,0
DA:37,0
DA:38,0
DA:39,0
DA:40,0
DA:42,0
LF:14
LH:6
BRDA:37,0,0,0
BRDA:37,0,1,0
BRF:2
BRH:0
end_of_record
TN:
SF:src/components/home/Chat.jsx
FN:7,(anonymous_0)
FN:12,(anonymous_1)
FN:19,(anonymous_2)
FN:29,(anonymous_3)
FN:31,(anonymous_4)
FNF:5
FNH:5
FNDA:1,(anonymous_0)
FNDA:1,(anonymous_1)
FNDA:2,(anonymous_2)
FNDA:4,(anonymous_3)
FNDA:4,(anonymous_4)
DA:7,3
DA:8,1
DA:9,1
DA:10,1
DA:12,1
DA:13,1
DA:16,1
DA:20,2
DA:29,4
DA:32,4
LF:10
LH:10
BRDA:16,0,0,1
BRDA:16,0,1,0
BRDA:29,1,0,4
BRDA:29,1,1,2
BRDA:34,2,0,2
BRDA:34,2,1,2
BRDA:41,3,0,2
BRDA:41,3,1,2
BRF:8
BRH:7
end_of_record
TN:
SF:src/components/home/ChatBox.jsx
FN:9,(anonymous_0)
FN:18,(anonymous_1)
FN:21,(anonymous_2)
FNF:3
FNH:1
FNDA:1,(anonymous_0)
FNDA:0,(anonymous_1)
FNDA:0,(anonymous_2)
DA:9,3
DA:10,1
DA:11,1
DA:12,1
DA:19,0
DA:20,0
DA:21,0
DA:22,0
LF:8
LH:4
BRF:0
BRH:0
end_of_record
TN:
SF:src/components/home/Home.jsx
FN:13,(anonymous_0)
FN:19,(anonymous_1)
FN:20,(anonymous_2)
FN:21,(anonymous_3)
FN:31,(anonymous_4)
FNF:5
FNH:0
FNDA:0,(anonymous_0)
FNDA:0,(anonymous_1)
FNDA:0,(anonymous_2)
FNDA:0,(anonymous_3)
FNDA:0,(anonymous_4)
DA:9,3
DA:10,3
DA:11,3
DA:13,3
DA:14,0
DA:15,0
DA:16,0
DA:18,0
DA:19,0
DA:20,0
DA:21,0
DA:23,0
DA:24,0
DA:31,0
LF:14
LH:4
BRF:0
BRH:0
end_of_record
TN:
SF:src/components/home/Sidebar.jsx
FN:17,(anonymous_0)
FN:31,(anonymous_1)
FNF:2
FNH:2
FNDA:2,(anonymous_0)
FNDA:2,(anonymous_1)
DA:17,3
DA:18,2
DA:19,1
DA:20,1
DA:32,2
LF:5
LH:5
BRDA:35,0,0,1
BRDA:35,0,1,1
BRF:2
BRH:2
end_of_record
TN:
SF:src/components/home/useSocketSetup.jsx
FN:4,(anonymous_0)
FN:6,(anonymous_1)
FN:8,(anonymous_2)
FN:11,(anonymous_3)
FN:14,(anonymous_4)
FN:15,(anonymous_5)
FN:17,(anonymous_6)
FN:18,(anonymous_7)
FN:19,(anonymous_8)
FN:27,(anonymous_9)
FN:30,(anonymous_10)
FNF:11
FNH:0
FNDA:0,(anonymous_0)
FNDA:0,(anonymous_1)
FNDA:0,(anonymous_2)
FNDA:0,(anonymous_3)
FNDA:0,(anonymous_4)
FNDA:0,(anonymous_5)
FNDA:0,(anonymous_6)
FNDA:0,(anonymous_7)
FNDA:0,(anonymous_8)
FNDA:0,(anonymous_9)
FNDA:0,(anonymous_10)
DA:4,3
DA:5,0
DA:6,0
DA:7,0
DA:8,0
DA:9,0
DA:11,0
DA:12,0
DA:14,0
DA:15,0
DA:17,0
DA:18,0
DA:19,0
DA:20,0
DA:21,0
DA:23,0
DA:27,0
DA:28,0
DA:30,0
DA:31,0
DA:32,0
DA:33,0
DA:34,0
DA:35,0
LF:24
LH:1
BRDA:20,0,0,0
BRDA:20,0,1,0
BRF:2
BRH:0
end_of_record
